Cog2000 log file Wed Dec 12 15:12:37 2007
GPrim v1.24 Compiled:Feb 24 2003 (GLib DirectDraw v7 Compiled:Feb 24 2003)
Display:1024x768x32 59.81Hz
Attaching c:\Expts\Joe\localizer\Cogent2000v1.25\Toolbox\CogInput.dll
CogInput v1.04 Compiled: Apr  2 2002
56	[56]	:	COGENT START
87574	[87518]	:	Start of experiment: 87574
87582	[8]	:	Stim:	2	cjdh
88635	[1053]	:	Stim:	2	hdrg
89656	[1021]	:	Stim:	2	hdrg
90675	[1019]	:	Stim:	2	tgdjz
91695	[1020]	:	Stim:	2	bzcrn
92714	[1019]	:	Stim:	2	gjss
93734	[1020]	:	Stim:	2	nsxrr
94754	[1020]	:	Stim:	2	jdjrq
95774	[1020]	:	Stim:	2	jdjrq
96793	[1019]	:	Stim:	2	gxkz
97813	[1020]	:	Stim:	2	vhjb
98832	[1019]	:	Stim:	2	dclm
99852	[1020]	:	Stim:	2	bfzqz
100872	[1020]	:	Stim:	2	dbwq
101892	[1020]	:	Stim:	2	cjczd
102911	[1019]	:	Stim:	2	tlqv
104349	[1438]	:	Stim:	4	scram_1
105436	[1087]	:	Stim:	4	scram_2
106472	[1036]	:	Stim:	4	scram_2
107472	[1000]	:	Key	28	DOWN	at	107203  
107658	[186]	:	Stim:	4	scram_4
108745	[1087]	:	Stim:	4	scram_5
109816	[1071]	:	Stim:	4	scram_6
110885	[1069]	:	Stim:	4	scram_7
111955	[1070]	:	Stim:	4	scram_8
112991	[1036]	:	Stim:	4	scram_9
114028	[1037]	:	Stim:	4	scram_10
115065	[1037]	:	Stim:	4	scram_10
116218	[1153]	:	Stim:	4	scram_12
117321	[1103]	:	Stim:	4	scram_13
118374	[1053]	:	Stim:	4	scram_14
119427	[1053]	:	Stim:	4	scram_15
120481	[1054]	:	Stim:	4	scram_16
121651	[1170]	:	Stim:	3	goat
122669	[1018]	:	Stim:	3	goat
123669	[1000]	:	Key	28	DOWN	at	123176  
123670	[1]	:	Key	28	UP	at	123369  
123789	[119]	:	Stim:	3	camera
124959	[1170]	:	Stim:	3	wheel
126078	[1119]	:	Stim:	3	camel
127198	[1120]	:	Stim:	3	donkey
128285	[1087]	:	Stim:	3	candle
129406	[1121]	:	Stim:	3	zip
130475	[1069]	:	Stim:	3	stool
131493	[1018]	:	Stim:	3	stool
132493	[1000]	:	Key	28	DOWN	at	132024  
132494	[1]	:	Key	28	UP	at	132211  
132579	[85]	:	Stim:	3	ruler
133716	[1137]	:	Stim:	3	wool
134836	[1120]	:	Stim:	3	tap
135955	[1119]	:	Stim:	3	mouse
137109	[1154]	:	Stim:	3	tiger
138245	[1136]	:	Stim:	3	belt
139265	[1020]	:	Stim:	1	claw
140284	[1019]	:	Stim:	1	hare
141304	[1020]	:	Stim:	1	hare
142304	[1000]	:	Key	28	DOWN	at	141791  
142305	[1]	:	Key	28	UP	at	141961  
142324	[19]	:	Stim:	1	spree
143344	[1020]	:	Stim:	1	scorn
144364	[1020]	:	Stim:	1	kite
145383	[1019]	:	Stim:	1	brute
146403	[1020]	:	Stim:	1	waltz
147422	[1019]	:	Stim:	1	waltz
148422	[1000]	:	Key	28	DOWN	at	147949  
148423	[1]	:	Key	28	UP	at	148114  
148443	[20]	:	Stim:	1	keel
149462	[1019]	:	Stim:	1	peck
150482	[1020]	:	Stim:	1	code
151501	[1019]	:	Stim:	1	ulcer
152521	[1020]	:	Stim:	1	babe
153541	[1020]	:	Stim:	1	haste
154561	[1020]	:	Stim:	1	yoke
155564	[1003]	:	Rest at: 155564
171678	[16114]	:	Stim:	3	parrot
172765	[1087]	:	Stim:	3	dice
173851	[1086]	:	Stim:	3	bib
175003	[1152]	:	Stim:	3	drum
176039	[1036]	:	Stim:	3	drum
177039	[1000]	:	Key	28	DOWN	at	176485  
177039	[0]	:	Key	28	UP	at	176748  
177176	[137]	:	Stim:	3	peach
178296	[1120]	:	Stim:	3	clock
179432	[1136]	:	Stim:	3	car
180518	[1086]	:	Stim:	3	pig
181671	[1153]	:	Stim:	3	basin
182791	[1120]	:	Stim:	3	saw
183861	[1070]	:	Stim:	3	cow
184879	[1018]	:	Stim:	3	cow
185879	[1000]	:	Key	28	DOWN	at	185391  
185880	[1]	:	Key	28	UP	at	185572  
186016	[136]	:	Stim:	3	flower
187085	[1069]	:	Stim:	3	key
188205	[1120]	:	Stim:	3	ball
189225	[1020]	:	Stim:	2	hndzg
190244	[1019]	:	Stim:	2	wkmmz
191264	[1020]	:	Stim:	2	kksl
192283	[1019]	:	Stim:	2	bcrf
193304	[1021]	:	Stim:	2	qwmfm
194323	[1019]	:	Stim:	2	xrvz
195343	[1020]	:	Stim:	2	xrvz
196363	[1020]	:	Stim:	2	zbrhx
197363	[1000]	:	Key	28	UP	at	196922  
197382	[19]	:	Stim:	2	xhqb
198402	[1020]	:	Stim:	2	xhqb
199402	[1000]	:	Key	28	DOWN	at	198844  
199403	[1]	:	Key	28	UP	at	199020  
199422	[19]	:	Stim:	2	dhhhh
200442	[1020]	:	Stim:	2	sxjxn
201461	[1019]	:	Stim:	2	jkcwt
202481	[1020]	:	Stim:	2	vmxhv
203500	[1019]	:	Stim:	2	tvgvn
204520	[1020]	:	Stim:	2	hcbd
205540	[1020]	:	Stim:	1	feast
206560	[1020]	:	Stim:	1	baron
207579	[1019]	:	Stim:	1	watt
208599	[1020]	:	Stim:	1	gilt
209618	[1019]	:	Stim:	1	graft
210639	[1021]	:	Stim:	1	haul
211658	[1019]	:	Stim:	1	haul
212658	[1000]	:	Key	28	DOWN	at	212239  
212659	[1]	:	Key	28	UP	at	212485  
212678	[19]	:	Stim:	1	harem
213697	[1019]	:	Stim:	1	hump
214700	[1003]	:	Stim:	1	hump
215700	[1000]	:	Key	28	DOWN	at	215156  
215701	[1]	:	Key	28	UP	at	215391  
215720	[19]	:	Stim:	1	olive
216740	[1020]	:	Stim:	1	token
217743	[1003]	:	Stim:	1	burro
218763	[1020]	:	Stim:	1	lunge
219782	[1019]	:	Stim:	1	cargo
220802	[1020]	:	Stim:	1	loop
221906	[1104]	:	Stim:	4	scram_17
222958	[1052]	:	Stim:	4	scram_18
224012	[1054]	:	Stim:	4	scram_19
225065	[1053]	:	Stim:	4	scram_20
226101	[1036]	:	Stim:	4	scram_20
227101	[1000]	:	Key	28	DOWN	at	226635  
227102	[1]	:	Key	28	UP	at	226887  
227255	[153]	:	Stim:	4	scram_22
228358	[1103]	:	Stim:	4	scram_23
229411	[1053]	:	Stim:	4	scram_24
230531	[1120]	:	Stim:	4	scram_25
231601	[1070]	:	Stim:	4	scram_26
232688	[1087]	:	Stim:	4	scram_27
233791	[1103]	:	Stim:	4	scram_28
234877	[1086]	:	Stim:	4	scram_29
235914	[1037]	:	Stim:	4	scram_29
237000	[1086]	:	Stim:	4	scram_31
238071	[1071]	:	Stim:	4	scram_32
239073	[1002]	:	Rest at: 239073
255690	[16617]	:	Stim:	4	scram_33
256742	[1052]	:	Stim:	4	scram_34
257813	[1071]	:	Stim:	4	scram_35
258949	[1136]	:	Stim:	4	scram_36
259986	[1037]	:	Stim:	4	scram_37
261022	[1036]	:	Stim:	4	scram_38
262059	[1037]	:	Stim:	4	scram_38
263059	[1000]	:	Key	28	DOWN	at	262606  
263060	[1]	:	Key	28	UP	at	262781  
263095	[35]	:	Stim:	4	scram_40
264131	[1036]	:	Stim:	4	scram_41
265168	[1037]	:	Stim:	4	scram_42
266204	[1036]	:	Stim:	4	scram_43
267240	[1036]	:	Stim:	4	scram_44
268277	[1037]	:	Stim:	4	scram_44
269277	[1000]	:	Key	28	DOWN	at	268758  
269278	[1]	:	Key	28	UP	at	268998  
269314	[36]	:	Stim:	4	scram_46
270450	[1136]	:	Stim:	4	scram_47
271620	[1170]	:	Stim:	4	scram_48
272640	[1020]	:	Stim:	2	pjbnw
273659	[1019]	:	Stim:	2	gvmh
274679	[1020]	:	Stim:	2	thgj
275699	[1020]	:	Stim:	2	jxlgl
276719	[1020]	:	Stim:	2	jxlgl
277719	[1000]	:	Key	28	DOWN	at	277201  
277720	[1]	:	Key	28	UP	at	277406  
277739	[19]	:	Stim:	2	qtfkb
278758	[1019]	:	Stim:	2	tvpr
279778	[1020]	:	Stim:	2	mhbpc
280798	[1020]	:	Stim:	2	kxdkr
281818	[1020]	:	Stim:	2	cmqjj
282837	[1019]	:	Stim:	2	hdlmk
283857	[1020]	:	Stim:	2	phrxq
284876	[1019]	:	Stim:	2	kpbq
285896	[1020]	:	Stim:	2	nrlr
286916	[1020]	:	Stim:	2	rtlg
287936	[1020]	:	Stim:	2	rtlg
288936	[1000]	:	Key	28	DOWN	at	288610  
288937	[1]	:	Key	28	UP	at	288826  
288955	[18]	:	Stim:	1	gable
289975	[1020]	:	Stim:	1	disc
290994	[1019]	:	Stim:	1	roar
292015	[1021]	:	Stim:	1	giant
293034	[1019]	:	Stim:	1	giant
294034	[1000]	:	Key	28	DOWN	at	293713  
294035	[1]	:	Key	28	UP	at	293930  
294054	[19]	:	Stim:	1	oxide
295073	[1019]	:	Stim:	1	pare
296093	[1020]	:	Stim:	1	plumb
297113	[1020]	:	Stim:	1	clang
298133	[1020]	:	Stim:	1	fleet
299153	[1020]	:	Stim:	1	delta
300172	[1019]	:	Stim:	1	badge
301192	[1020]	:	Stim:	1	loot
302211	[1019]	:	Stim:	1	lily
303231	[1020]	:	Stim:	1	crew
304251	[1020]	:	Stim:	1	crew
305251	[1000]	:	Key	28	DOWN	at	304676  
305252	[1]	:	Key	28	UP	at	304916  
305405	[153]	:	Stim:	3	truck
306508	[1103]	:	Stim:	3	boot
307560	[1052]	:	Stim:	3	sofa
308578	[1018]	:	Stim:	3	sofa
309578	[1000]	:	Key	28	DOWN	at	309240  
309579	[1]	:	Key	28	UP	at	309434  
309747	[168]	:	Stim:	3	torch
310818	[1071]	:	Stim:	3	sword
312021	[1203]	:	Stim:	3	whale
313123	[1102]	:	Stim:	3	pram
314209	[1086]	:	Stim:	3	snake
315295	[1086]	:	Stim:	3	apple
316316	[1021]	:	Stim:	3	apple
317316	[1000]	:	Key	28	DOWN	at	316735  
317317	[1]	:	Key	28	UP	at	317022  
317486	[169]	:	Stim:	3	lion
318622	[1136]	:	Stim:	3	train
319759	[1137]	:	Stim:	3	hammer
320863	[1104]	:	Stim:	3	guitar
321915	[1052]	:	Stim:	3	vase
322918	[1003]	:	Rest at: 322918
339568	[16650]	:	Stim:	2	fmrpj
340588	[1020]	:	Stim:	2	lczj
341608	[1020]	:	Stim:	2	xjbq
342627	[1019]	:	Stim:	2	wdfgs
343647	[1020]	:	Stim:	2	pdps
344666	[1019]	:	Stim:	2	pdps
345666	[1000]	:	Key	28	DOWN	at	345141  
345667	[1]	:	Key	28	UP	at	345358  
345686	[19]	:	Stim:	2	hbtnm
346706	[1020]	:	Stim:	2	kgfzt
347726	[1020]	:	Stim:	2	cxpnp
348745	[1019]	:	Stim:	2	kmssf
349765	[1020]	:	Stim:	2	xzhdv
350784	[1019]	:	Stim:	2	vfkxq
351805	[1021]	:	Stim:	2	vfkxq
352804	[999]	:	Key	28	DOWN	at	352295  
352805	[1]	:	Key	28	UP	at	352559  
352824	[19]	:	Stim:	2	krrv
353844	[1020]	:	Stim:	2	hdlrw
354864	[1020]	:	Stim:	2	gcgqw
355883	[1019]	:	Stim:	1	dogma
356903	[1020]	:	Stim:	1	sine
357923	[1020]	:	Stim:	1	pane
358943	[1020]	:	Stim:	1	knoll
359962	[1019]	:	Stim:	1	trim
360982	[1020]	:	Stim:	1	trim
361982	[1000]	:	Key	28	DOWN	at	361746  
361983	[1]	:	Key	28	UP	at	361934  
362001	[18]	:	Stim:	1	valor
363021	[1020]	:	Stim:	1	gaudy
364041	[1020]	:	Stim:	1	arise
365061	[1020]	:	Stim:	1	scout
366080	[1019]	:	Stim:	1	manor
367100	[1020]	:	Stim:	1	comet
368119	[1019]	:	Stim:	1	comet
369119	[1000]	:	Key	28	DOWN	at	368590  
369120	[1]	:	Key	28	UP	at	368830  
369140	[20]	:	Stim:	1	hive
370159	[1019]	:	Stim:	1	quack
371179	[1020]	:	Stim:	1	bloom
372298	[1119]	:	Stim:	3	shirt
373435	[1137]	:	Stim:	3	bomb
374571	[1136]	:	Stim:	3	bear
375707	[1136]	:	Stim:	3	pipe
376843	[1136]	:	Stim:	3	fence
377896	[1053]	:	Stim:	3	plant
378933	[1037]	:	Stim:	3	plant
379933	[1000]	:	Key	28	DOWN	at	379307  
379934	[1]	:	Key	28	UP	at	379571  
380119	[185]	:	Stim:	3	cot
381306	[1187]	:	Stim:	3	gate
382443	[1137]	:	Stim:	3	basket
383462	[1019]	:	Stim:	3	basket
384462	[1000]	:	Key	28	DOWN	at	384012  
384463	[1]	:	Key	28	UP	at	384270  
384615	[152]	:	Stim:	3	bottle
385701	[1086]	:	Stim:	3	wasp
386822	[1121]	:	Stim:	3	book
387942	[1120]	:	Stim:	3	rake
389078	[1136]	:	Stim:	3	chips
390198	[1120]	:	Stim:	4	scram_49
391268	[1070]	:	Stim:	4	scram_50
392405	[1137]	:	Stim:	4	scram_51
393508	[1103]	:	Stim:	4	scram_52
394544	[1036]	:	Stim:	4	scram_52
395544	[1000]	:	Key	28	DOWN	at	394963  
395545	[1]	:	Key	28	UP	at	395197  
395664	[119]	:	Stim:	4	scram_54
396718	[1054]	:	Stim:	4	scram_55
397771	[1053]	:	Stim:	4	scram_56
398841	[1070]	:	Stim:	4	scram_57
399877	[1036]	:	Stim:	4	scram_57
400877	[1000]	:	Key	28	DOWN	at	400612  
400878	[1]	:	Key	28	UP	at	400828  
401047	[169]	:	Stim:	4	scram_59
402184	[1137]	:	Stim:	4	scram_60
403304	[1120]	:	Stim:	4	scram_61
404391	[1087]	:	Stim:	4	scram_62
405477	[1086]	:	Stim:	4	scram_63
406564	[1087]	:	Stim:	4	scram_64
407567	[1003]	:	Rest at: 407567
423748	[16181]	:	Stim:	3	balloon
424952	[1204]	:	Stim:	3	fork
426072	[1120]	:	Stim:	3	wall
427158	[1086]	:	Stim:	3	mole
428262	[1104]	:	Stim:	3	rat
429382	[1120]	:	Stim:	3	pear
430486	[1104]	:	Stim:	3	rope
431504	[1018]	:	Stim:	3	rope
432504	[1000]	:	Key	28	DOWN	at	431959  
432505	[1]	:	Key	28	UP	at	432223  
432640	[135]	:	Stim:	3	grater
433760	[1120]	:	Stim:	3	fly
434829	[1069]	:	Stim:	3	leaf
435949	[1120]	:	Stim:	3	piano
437036	[1087]	:	Stim:	3	lamp
438122	[1086]	:	Stim:	3	anchor
439242	[1120]	:	Stim:	3	potato
440262	[1020]	:	Stim:	3	potato
441262	[1000]	:	Key	28	DOWN	at	440772  
441263	[1]	:	Key	28	UP	at	441059  
441416	[153]	:	Stim:	4	scram_65
442553	[1137]	:	Stim:	4	scram_66
443672	[1119]	:	Stim:	4	scram_67
444742	[1070]	:	Stim:	4	scram_68
445912	[1170]	:	Stim:	4	scram_69
446983	[1071]	:	Stim:	4	scram_70
448069	[1086]	:	Stim:	4	scram_71
449106	[1037]	:	Stim:	4	scram_71
450106	[1000]	:	Key	28	DOWN	at	449742  
450107	[1]	:	Key	28	UP	at	449989  
450226	[119]	:	Stim:	4	scram_73
451295	[1069]	:	Stim:	4	scram_74
452432	[1137]	:	Stim:	4	scram_75
453468	[1036]	:	Stim:	4	scram_75
454468	[1000]	:	Key	28	DOWN	at	454096  
454469	[1]	:	Key	28	UP	at	454371  
454572	[103]	:	Stim:	4	scram_77
455725	[1153]	:	Stim:	4	scram_78
456779	[1054]	:	Stim:	4	scram_79
457899	[1120]	:	Stim:	4	scram_80
458918	[1019]	:	Stim:	2	xhvzz
459938	[1020]	:	Stim:	2	vzpm
460957	[1019]	:	Stim:	2	vzpm
461957	[1000]	:	Key	28	DOWN	at	461479  
461958	[1]	:	Key	28	UP	at	461737  
461977	[19]	:	Stim:	2	kvwx
462996	[1019]	:	Stim:	2	spbxz
464017	[1021]	:	Stim:	2	cghm
465036	[1019]	:	Stim:	2	jkxfm
466056	[1020]	:	Stim:	2	qxcb
467075	[1019]	:	Stim:	2	vtwgb
468095	[1020]	:	Stim:	2	clhsb
469115	[1020]	:	Stim:	2	fdfcz
470118	[1003]	:	Stim:	2	pnmj
471138	[1020]	:	Stim:	2	xjvkd
472157	[1019]	:	Stim:	2	rnsd
473177	[1020]	:	Stim:	2	rnsd
474177	[1000]	:	Key	28	DOWN	at	473760  
474178	[1]	:	Key	28	UP	at	474106  
474197	[19]	:	Stim:	2	jhnb
475216	[1019]	:	Stim:	1	gleam
476237	[1021]	:	Stim:	1	gear
477256	[1019]	:	Stim:	1	gear
478256	[1000]	:	Key	28	DOWN	at	477879  
478257	[1]	:	Key	28	UP	at	478143  
478276	[19]	:	Stim:	1	lime
479295	[1019]	:	Stim:	1	alien
480315	[1020]	:	Stim:	1	dock
481335	[1020]	:	Stim:	1	spike
482355	[1020]	:	Stim:	1	lure
483374	[1019]	:	Stim:	1	zebra
484394	[1020]	:	Stim:	1	baton
485413	[1019]	:	Stim:	1	dread
486433	[1020]	:	Stim:	1	rung
487453	[1020]	:	Stim:	1	booth
488473	[1020]	:	Stim:	1	dice
489492	[1019]	:	Stim:	1	dice
490492	[1000]	:	Key	28	DOWN	at	489897  
490492	[0]	:	Key	28	UP	at	490155  
490512	[20]	:	Stim:	1	gush
491515	[1003]	:	Rest at: 491515
507579	[16064]	:	Stim:	1	navy
508600	[1021]	:	Stim:	1	navy
509599	[999]	:	Key	28	DOWN	at	509063  
509600	[1]	:	Key	28	UP	at	509338  
509619	[19]	:	Stim:	1	eagle
510639	[1020]	:	Stim:	1	numb
511658	[1019]	:	Stim:	1	shrug
512678	[1020]	:	Stim:	1	rust
513697	[1019]	:	Stim:	1	thud
514700	[1003]	:	Stim:	1	cane
515721	[1021]	:	Stim:	1	mule
516740	[1019]	:	Stim:	1	mule
517740	[1000]	:	Key	28	DOWN	at	517330  
517741	[1]	:	Key	28	UP	at	517576  
517760	[19]	:	Stim:	1	maker
518780	[1020]	:	Stim:	1	veil
519799	[1019]	:	Stim:	1	quake
520820	[1021]	:	Stim:	1	maze
521839	[1019]	:	Stim:	1	mall
522859	[1020]	:	Stim:	1	yacht
524062	[1203]	:	Stim:	3	cheese
525248	[1186]	:	Stim:	3	bee
526317	[1069]	:	Stim:	3	lemon
527386	[1069]	:	Stim:	3	badger
528489	[1103]	:	Stim:	3	door
529657	[1168]	:	Stim:	3	fox
530743	[1086]	:	Stim:	3	shoe
531764	[1021]	:	Stim:	3	shoe
532764	[1000]	:	Key	28	DOWN	at	532324  
532765	[1]	:	Key	28	UP	at	532565  
532917	[152]	:	Stim:	3	medal
534104	[1187]	:	Stim:	3	bath
535308	[1204]	:	Stim:	3	coffin
536511	[1203]	:	Stim:	3	cake
537531	[1020]	:	Stim:	3	cake
538531	[1000]	:	Key	28	DOWN	at	537955  
538531	[0]	:	Key	28	UP	at	538231  
538601	[70]	:	Stim:	3	watch
539721	[1120]	:	Stim:	3	mouth
540858	[1137]	:	Stim:	3	carrot
541894	[1036]	:	Stim:	4	scram_2
542930	[1036]	:	Stim:	4	scram_10
543967	[1037]	:	Stim:	4	scram_20
545003	[1036]	:	Stim:	4	scram_29
546123	[1120]	:	Stim:	4	scram_39
547227	[1104]	:	Stim:	4	scram_45
548263	[1036]	:	Stim:	4	scram_45
549263	[1000]	:	Key	28	DOWN	at	548772  
549264	[1]	:	Key	28	UP	at	549012  
549400	[136]	:	Stim:	4	scram_53
550503	[1103]	:	Stim:	4	scram_58
551606	[1103]	:	Stim:	4	scram_72
552742	[1136]	:	Stim:	4	scram_76
553780	[1038]	:	Stim:	4	scram_1
554849	[1069]	:	Stim:	4	scram_3
555885	[1036]	:	Stim:	4	scram_3
556885	[1000]	:	Key	28	DOWN	at	556494  
556886	[1]	:	Key	28	UP	at	556711  
556922	[36]	:	Stim:	4	scram_4
557958	[1036]	:	Stim:	4	scram_5
558978	[1020]	:	Stim:	2	hgbt
559997	[1019]	:	Stim:	2	hgbt
560997	[1000]	:	Key	28	DOWN	at	560444  
560998	[1]	:	Key	28	UP	at	560678  
561018	[20]	:	Stim:	2	krspt
562037	[1019]	:	Stim:	2	tsxp
563057	[1020]	:	Stim:	2	vwbgg
564076	[1019]	:	Stim:	2	wwcg
565096	[1020]	:	Stim:	2	nzxq
566116	[1020]	:	Stim:	2	clxt
567136	[1020]	:	Stim:	2	gwkw
568156	[1020]	:	Stim:	2	gwkw
569156	[1000]	:	Key	28	DOWN	at	568717  
569156	[0]	:	Key	28	UP	at	568998  
569175	[19]	:	Stim:	2	jvtst
570195	[1020]	:	Stim:	2	pcmc
571214	[1019]	:	Stim:	2	mdwpk
572235	[1021]	:	Stim:	2	ksbx
573254	[1019]	:	Stim:	2	lnnc
574274	[1020]	:	Stim:	2	vpcrf
575277	[1003]	:	Rest at: 575277
668587	[93310]	:	COGENT STOP