Cog2000 log file Tue Feb 12 16:50:44 2008
GPrim v1.24 Compiled:Feb 24 2003 (GLib DirectDraw v7 Compiled:Feb 24 2003)
Display:1024x768x32 59.80Hz
Attaching C:\Expts\Joe\localizer\Cogent2000v1.25\Toolbox\CogInput.dll
CogInput v1.04 Compiled: Apr  2 2002
38	[38]	:	COGENT START
129304	[129266]	:	Start of experiment: 129304
129313	[9]	:	Stim:	2	cjdh
130366	[1053]	:	Stim:	2	hdrg
131386	[1020]	:	Stim:	2	hdrg
132386	[1000]	:	Key	34	DOWN	at	131836  
132387	[1]	:	Key	34	UP	at	132065  
132406	[19]	:	Stim:	2	tgdjz
133425	[1019]	:	Stim:	2	bzcrn
134445	[1020]	:	Stim:	2	gjss
135465	[1020]	:	Stim:	2	nsxrr
136485	[1020]	:	Stim:	2	jdjrq
137485	[1000]	:	Key	34	DOWN	at	136899  
137486	[1]	:	Key	34	UP	at	137209  
137504	[18]	:	Stim:	2	jdjrq
138504	[1000]	:	Key	34	DOWN	at	138100  
138505	[1]	:	Key	34	UP	at	138352  
138524	[19]	:	Stim:	2	gxkz
139543	[1019]	:	Stim:	2	vhjb
140564	[1021]	:	Stim:	2	dclm
141583	[1019]	:	Stim:	2	bfzqz
142603	[1020]	:	Stim:	2	dbwq
143622	[1019]	:	Stim:	2	cjczd
144642	[1020]	:	Stim:	2	tlqv
146079	[1437]	:	Stim:	4	scram_1
147150	[1071]	:	Stim:	4	scram_2
148150	[1000]	:	Key	34	UP	at	147850  
148186	[36]	:	Stim:	4	scram_2
149339	[1153]	:	Stim:	4	scram_4
150476	[1137]	:	Stim:	4	scram_5
151476	[1000]	:	Key	34	UP	at	151084  
151546	[70]	:	Stim:	4	scram_6
152599	[1053]	:	Stim:	4	scram_7
153669	[1070]	:	Stim:	4	scram_8
154669	[1000]	:	Key	34	DOWN	at	154049  
154670	[1]	:	Key	34	UP	at	154330  
154705	[35]	:	Stim:	4	scram_9
155742	[1037]	:	Stim:	4	scram_10
156779	[1037]	:	Stim:	4	scram_10
157779	[1000]	:	Key	34	DOWN	at	157366  
157780	[1]	:	Key	34	UP	at	157594  
157949	[169]	:	Stim:	4	scram_12
159035	[1086]	:	Stim:	4	scram_13
160088	[1053]	:	Stim:	4	scram_14
161141	[1053]	:	Stim:	4	scram_15
162195	[1054]	:	Stim:	4	scram_16
163195	[1000]	:	Key	34	DOWN	at	162651  
163195	[0]	:	Key	34	UP	at	162909  
163331	[136]	:	Stim:	3	goat
164350	[1019]	:	Stim:	3	goat
165350	[1000]	:	Key	34	DOWN	at	164953  
165351	[1]	:	Key	34	UP	at	165252  
165487	[136]	:	Stim:	3	camera
166623	[1136]	:	Stim:	3	wheel
167759	[1136]	:	Stim:	3	camel
168911	[1152]	:	Stim:	3	donkey
169911	[1000]	:	Key	34	DOWN	at	169530  
169912	[1]	:	Key	34	UP	at	169840  
170032	[120]	:	Stim:	3	candle
171184	[1152]	:	Stim:	3	zip
172253	[1069]	:	Stim:	3	stool
173288	[1035]	:	Stim:	3	stool
174288	[1000]	:	Key	34	DOWN	at	173760  
174288	[0]	:	Key	34	UP	at	174006  
174391	[103]	:	Stim:	3	ruler
175528	[1137]	:	Stim:	3	wool
176663	[1135]	:	Stim:	3	tap
177833	[1170]	:	Stim:	3	mouse
178952	[1119]	:	Stim:	3	tiger
180073	[1121]	:	Stim:	3	belt
181092	[1019]	:	Stim:	1	claw
182112	[1020]	:	Stim:	1	hare
183131	[1019]	:	Stim:	1	hare
184131	[1000]	:	Key	34	DOWN	at	183598  
184132	[1]	:	Key	34	UP	at	183862  
184152	[20]	:	Stim:	1	spree
185171	[1019]	:	Stim:	1	scorn
186191	[1020]	:	Stim:	1	kite
187210	[1019]	:	Stim:	1	brute
188230	[1020]	:	Stim:	1	waltz
189249	[1019]	:	Stim:	1	waltz
190249	[1000]	:	Key	34	DOWN	at	189739  
190250	[1]	:	Key	34	UP	at	190020  
190270	[20]	:	Stim:	1	keel
191289	[1019]	:	Stim:	1	peck
192309	[1020]	:	Stim:	1	code
193328	[1019]	:	Stim:	1	ulcer
194348	[1020]	:	Stim:	1	babe
195368	[1020]	:	Stim:	1	haste
196388	[1020]	:	Stim:	1	yoke
197391	[1003]	:	Rest at: 197391
213406	[16015]	:	Stim:	3	parrot
214492	[1086]	:	Stim:	3	dice
215577	[1085]	:	Stim:	3	bib
216781	[1204]	:	Stim:	3	drum
217801	[1020]	:	Stim:	3	drum
218800	[999]	:	Key	34	DOWN	at	218221  
218801	[1]	:	Key	34	UP	at	218602  
218971	[170]	:	Stim:	3	peach
220075	[1104]	:	Stim:	3	clock
221227	[1152]	:	Stim:	3	car
222312	[1085]	:	Stim:	3	pig
223381	[1069]	:	Stim:	3	basin
224467	[1086]	:	Stim:	3	saw
225570	[1103]	:	Stim:	3	cow
226589	[1019]	:	Stim:	3	cow
227589	[1000]	:	Key	34	UP	at	227192  
227693	[104]	:	Stim:	3	flower
228780	[1087]	:	Stim:	3	key
229900	[1120]	:	Stim:	3	ball
230919	[1019]	:	Stim:	2	hndzg
231939	[1020]	:	Stim:	2	wkmmz
232958	[1019]	:	Stim:	2	kksl
233978	[1020]	:	Stim:	2	bcrf
234998	[1020]	:	Stim:	2	qwmfm
236018	[1020]	:	Stim:	2	xrvz
237037	[1019]	:	Stim:	2	xrvz
238037	[1000]	:	Key	34	DOWN	at	237463  
238038	[1]	:	Key	34	UP	at	237721  
238057	[19]	:	Stim:	2	zbrhx
239076	[1019]	:	Stim:	2	xhqb
240079	[1003]	:	Stim:	2	xhqb
241079	[1000]	:	Key	34	DOWN	at	240563  
241080	[1]	:	Key	34	UP	at	240780  
241100	[20]	:	Stim:	2	dhhhh
242119	[1019]	:	Stim:	2	sxjxn
243139	[1020]	:	Stim:	2	jkcwt
244159	[1020]	:	Stim:	2	vmxhv
245178	[1019]	:	Stim:	2	tvgvn
246199	[1021]	:	Stim:	2	hcbd
247218	[1019]	:	Stim:	1	feast
248238	[1020]	:	Stim:	1	baron
249257	[1019]	:	Stim:	1	watt
250277	[1020]	:	Stim:	1	gilt
251296	[1019]	:	Stim:	1	graft
252317	[1021]	:	Stim:	1	haul
253336	[1019]	:	Stim:	1	haul
254336	[1000]	:	Key	34	DOWN	at	253858  
254337	[1]	:	Key	34	UP	at	254116  
254356	[19]	:	Stim:	1	harem
255375	[1019]	:	Stim:	1	hump
256394	[1019]	:	Stim:	1	hump
257394	[1000]	:	Key	34	DOWN	at	256864  
257394	[0]	:	Key	34	UP	at	257103  
257414	[20]	:	Stim:	1	olive
258435	[1021]	:	Stim:	1	token
259454	[1019]	:	Stim:	1	burro
260474	[1020]	:	Stim:	1	lunge
261493	[1019]	:	Stim:	1	cargo
262496	[1003]	:	Stim:	1	loop
263583	[1087]	:	Stim:	4	scram_17
264636	[1053]	:	Stim:	4	scram_18
265706	[1070]	:	Stim:	4	scram_19
266706	[1000]	:	Key	34	DOWN	at	266110  
266707	[1]	:	Key	34	UP	at	266356  
266759	[52]	:	Stim:	4	scram_20
267796	[1037]	:	Stim:	4	scram_20
268882	[1086]	:	Stim:	4	scram_22
270019	[1137]	:	Stim:	4	scram_23
271089	[1070]	:	Stim:	4	scram_24
272175	[1086]	:	Stim:	4	scram_25
273175	[1000]	:	Key	34	DOWN	at	272801  
273176	[1]	:	Key	34	UP	at	273053  
273262	[86]	:	Stim:	4	scram_26
274332	[1070]	:	Stim:	4	scram_27
275402	[1070]	:	Stim:	4	scram_28
276402	[1000]	:	Key	34	DOWN	at	275836  
276403	[1]	:	Key	34	UP	at	275971  
276489	[86]	:	Stim:	4	scram_29
277525	[1036]	:	Stim:	4	scram_29
278612	[1087]	:	Stim:	4	scram_31
279748	[1136]	:	Stim:	4	scram_32
280751	[1003]	:	Rest at: 280751
297417	[16666]	:	Stim:	4	scram_33
298471	[1054]	:	Stim:	4	scram_34
299540	[1069]	:	Stim:	4	scram_35
300694	[1154]	:	Stim:	4	scram_36
301731	[1037]	:	Stim:	4	scram_37
302767	[1036]	:	Stim:	4	scram_38
303803	[1036]	:	Stim:	4	scram_38
304839	[1036]	:	Stim:	4	scram_40
305876	[1037]	:	Stim:	4	scram_41
306912	[1036]	:	Stim:	4	scram_42
307949	[1037]	:	Stim:	4	scram_43
308986	[1037]	:	Stim:	4	scram_44
310022	[1036]	:	Stim:	4	scram_44
311058	[1036]	:	Stim:	4	scram_46
312161	[1103]	:	Stim:	4	scram_47
313315	[1154]	:	Stim:	4	scram_48
314334	[1019]	:	Stim:	2	pjbnw
315354	[1020]	:	Stim:	2	gvmh
316374	[1020]	:	Stim:	2	thgj
317394	[1020]	:	Stim:	2	jxlgl
318413	[1019]	:	Stim:	2	jxlgl
319413	[1000]	:	Key	34	DOWN	at	318903  
319413	[0]	:	Key	34	UP	at	319149  
319433	[20]	:	Stim:	2	qtfkb
320452	[1019]	:	Stim:	2	tvpr
321473	[1021]	:	Stim:	2	mhbpc
322493	[1020]	:	Stim:	2	kxdkr
323512	[1019]	:	Stim:	2	cmqjj
324532	[1020]	:	Stim:	2	hdlmk
325551	[1019]	:	Stim:	2	phrxq
326571	[1020]	:	Stim:	2	kpbq
327591	[1020]	:	Stim:	2	nrlr
328611	[1020]	:	Stim:	2	rtlg
329630	[1019]	:	Stim:	2	rtlg
330630	[1000]	:	Key	34	DOWN	at	330164  
330631	[1]	:	Key	34	UP	at	330399  
330650	[19]	:	Stim:	1	gable
331669	[1019]	:	Stim:	1	disc
332690	[1021]	:	Stim:	1	roar
333709	[1019]	:	Stim:	1	giant
334729	[1020]	:	Stim:	1	giant
335729	[1000]	:	Key	34	DOWN	at	335192  
335730	[1]	:	Key	34	UP	at	335420  
335748	[18]	:	Stim:	1	oxide
336768	[1020]	:	Stim:	1	pare
337787	[1019]	:	Stim:	1	plumb
338808	[1021]	:	Stim:	1	clang
339827	[1019]	:	Stim:	1	fleet
340847	[1020]	:	Stim:	1	delta
341867	[1020]	:	Stim:	1	badge
342886	[1019]	:	Stim:	1	loot
343906	[1020]	:	Stim:	1	lily
344926	[1020]	:	Stim:	1	crew
345946	[1020]	:	Stim:	1	crew
346946	[1000]	:	Key	34	DOWN	at	346465  
346947	[1]	:	Key	34	UP	at	346717  
347131	[184]	:	Stim:	3	truck
348201	[1070]	:	Stim:	3	boot
349253	[1052]	:	Stim:	3	sofa
350272	[1019]	:	Stim:	3	sofa
351272	[1000]	:	Key	34	DOWN	at	350924  
351273	[1]	:	Key	34	UP	at	351188  
351392	[119]	:	Stim:	3	torch
352512	[1120]	:	Stim:	3	sword
353682	[1170]	:	Stim:	3	whale
354752	[1070]	:	Stim:	3	pram
355955	[1203]	:	Stim:	3	snake
357041	[1086]	:	Stim:	3	apple
358061	[1020]	:	Stim:	3	apple
359061	[1000]	:	Key	34	DOWN	at	358547  
359062	[1]	:	Key	34	UP	at	358787  
359180	[118]	:	Stim:	3	lion
360300	[1120]	:	Stim:	3	train
361419	[1119]	:	Stim:	3	hammer
362472	[1053]	:	Stim:	3	guitar
363526	[1054]	:	Stim:	3	vase
364529	[1003]	:	Rest at: 364529
381295	[16766]	:	Stim:	2	fmrpj
382315	[1020]	:	Stim:	2	lczj
383334	[1019]	:	Stim:	2	xjbq
384354	[1020]	:	Stim:	2	wdfgs
385374	[1020]	:	Stim:	2	pdps
386394	[1020]	:	Stim:	2	pdps
387394	[1000]	:	Key	34	DOWN	at	386866  
387395	[1]	:	Key	34	UP	at	387118  
387413	[18]	:	Stim:	2	hbtnm
388433	[1020]	:	Stim:	2	kgfzt
389452	[1019]	:	Stim:	2	cxpnp
390472	[1020]	:	Stim:	2	kmssf
391493	[1021]	:	Stim:	2	xzhdv
392512	[1019]	:	Stim:	2	vfkxq
393532	[1020]	:	Stim:	2	vfkxq
394532	[1000]	:	Key	34	DOWN	at	394014  
394533	[1]	:	Key	34	UP	at	394289  
394551	[18]	:	Stim:	2	krrv
395571	[1020]	:	Stim:	2	hdlrw
396591	[1020]	:	Stim:	2	gcgqw
397611	[1020]	:	Stim:	1	dogma
398630	[1019]	:	Stim:	1	sine
399650	[1020]	:	Stim:	1	pane
400669	[1019]	:	Stim:	1	knoll
401689	[1020]	:	Stim:	1	trim
402709	[1020]	:	Stim:	1	trim
403709	[1000]	:	Key	34	DOWN	at	403289  
403710	[1]	:	Key	34	UP	at	403565  
403729	[19]	:	Stim:	1	valor
404748	[1019]	:	Stim:	1	gaudy
405768	[1020]	:	Stim:	1	arise
406787	[1019]	:	Stim:	1	scout
407807	[1020]	:	Stim:	1	manor
408827	[1020]	:	Stim:	1	comet
409847	[1020]	:	Stim:	1	comet
410847	[1000]	:	Key	34	DOWN	at	410291  
410848	[1]	:	Key	34	UP	at	410537  
410867	[19]	:	Stim:	1	hive
411886	[1019]	:	Stim:	1	quack
412906	[1020]	:	Stim:	1	bloom
413976	[1070]	:	Stim:	3	shirt
415128	[1152]	:	Stim:	3	bomb
416331	[1203]	:	Stim:	3	bear
417501	[1170]	:	Stim:	3	pipe
418620	[1119]	:	Stim:	3	fence
419740	[1120]	:	Stim:	3	plant
420758	[1018]	:	Stim:	3	plant
421758	[1000]	:	Key	34	DOWN	at	421201  
421759	[1]	:	Key	34	UP	at	421442  
421844	[85]	:	Stim:	3	cot
422930	[1086]	:	Stim:	3	gate
424117	[1187]	:	Stim:	3	basket
425136	[1019]	:	Stim:	3	basket
426135	[999]	:	Key	34	DOWN	at	425508  
426136	[1]	:	Key	34	UP	at	425766  
426188	[52]	:	Stim:	3	bottle
427274	[1086]	:	Stim:	3	wasp
428410	[1136]	:	Stim:	3	book
429479	[1069]	:	Stim:	3	rake
430582	[1103]	:	Stim:	3	chips
431736	[1154]	:	Stim:	4	scram_49
432889	[1153]	:	Stim:	4	scram_50
433993	[1104]	:	Stim:	4	scram_51
435113	[1120]	:	Stim:	4	scram_52
436149	[1036]	:	Stim:	4	scram_52
437149	[1000]	:	Key	34	DOWN	at	436547  
437150	[1]	:	Key	34	UP	at	436811  
437269	[119]	:	Stim:	4	scram_54
438322	[1053]	:	Stim:	4	scram_55
439392	[1070]	:	Stim:	4	scram_56
440461	[1069]	:	Stim:	4	scram_57
441461	[1000]	:	Key	34	DOWN	at	440918  
441462	[1]	:	Key	34	UP	at	441170  
441498	[36]	:	Stim:	4	scram_57
442584	[1086]	:	Stim:	4	scram_59
443721	[1137]	:	Stim:	4	scram_60
444841	[1120]	:	Stim:	4	scram_61
445911	[1070]	:	Stim:	4	scram_62
446998	[1087]	:	Stim:	4	scram_63
448168	[1170]	:	Stim:	4	scram_64
449171	[1003]	:	Rest at: 449171
465418	[16247]	:	Stim:	3	balloon
466555	[1137]	:	Stim:	3	fork
467708	[1153]	:	Stim:	3	wall
468795	[1087]	:	Stim:	3	mole
469981	[1186]	:	Stim:	3	rat
471168	[1187]	:	Stim:	3	pear
472253	[1085]	:	Stim:	3	rope
473273	[1020]	:	Stim:	3	rope
474272	[999]	:	Key	34	DOWN	at	473748  
474273	[1]	:	Key	34	UP	at	473994  
474359	[86]	:	Stim:	3	grater
475479	[1120]	:	Stim:	3	fly
476599	[1120]	:	Stim:	3	leaf
477719	[1120]	:	Stim:	3	piano
478788	[1069]	:	Stim:	3	lamp
479975	[1187]	:	Stim:	3	anchor
481145	[1170]	:	Stim:	3	potato
482163	[1018]	:	Stim:	3	potato
483163	[1000]	:	Key	34	DOWN	at	482543  
483163	[0]	:	Key	34	UP	at	482825  
483317	[154]	:	Stim:	4	scram_65
484420	[1103]	:	Stim:	4	scram_66
485540	[1120]	:	Stim:	4	scram_67
486710	[1170]	:	Stim:	4	scram_68
487830	[1120]	:	Stim:	4	scram_69
488934	[1104]	:	Stim:	4	scram_70
490054	[1120]	:	Stim:	4	scram_71
491054	[1000]	:	Key	34	DOWN	at	490465  
491054	[0]	:	Key	34	UP	at	490746  
491090	[36]	:	Stim:	4	scram_71
492090	[1000]	:	Key	34	DOWN	at	491760  
492091	[1]	:	Key	34	UP	at	492000  
492210	[119]	:	Stim:	4	scram_73
493263	[1053]	:	Stim:	4	scram_74
494383	[1120]	:	Stim:	4	scram_75
495420	[1037]	:	Stim:	4	scram_75
496419	[999]	:	Key	34	UP	at	496055  
496539	[120]	:	Stim:	4	scram_77
497676	[1137]	:	Stim:	4	scram_78
498676	[1000]	:	Key	34	UP	at	498182  
498746	[70]	:	Stim:	4	scram_79
499867	[1121]	:	Stim:	4	scram_80
500886	[1019]	:	Stim:	2	xhvzz
501906	[1020]	:	Stim:	2	vzpm
502925	[1019]	:	Stim:	2	vzpm
503925	[1000]	:	Key	34	DOWN	at	503379  
503926	[1]	:	Key	34	UP	at	503649  
503946	[20]	:	Stim:	2	kvwx
504965	[1019]	:	Stim:	2	spbxz
505985	[1020]	:	Stim:	2	cghm
507004	[1019]	:	Stim:	2	jkxfm
508024	[1020]	:	Stim:	2	qxcb
509043	[1019]	:	Stim:	2	vtwgb
510064	[1021]	:	Stim:	2	clhsb
511083	[1019]	:	Stim:	2	fdfcz
512103	[1020]	:	Stim:	2	pnmj
513121	[1018]	:	Stim:	2	xjvkd
514125	[1004]	:	Stim:	2	rnsd
515145	[1020]	:	Stim:	2	rnsd
516164	[1019]	:	Stim:	2	jhnb
517185	[1021]	:	Stim:	1	gleam
518204	[1019]	:	Stim:	1	gear
519224	[1020]	:	Stim:	1	gear
520224	[1000]	:	Key	34	DOWN	at	519639  
520225	[1]	:	Key	34	UP	at	519914  
520243	[18]	:	Stim:	1	lime
521246	[1003]	:	Stim:	1	alien
522267	[1021]	:	Stim:	1	dock
523270	[1003]	:	Stim:	1	spike
524289	[1019]	:	Stim:	1	lure
525309	[1020]	:	Stim:	1	zebra
526328	[1019]	:	Stim:	1	baton
527348	[1020]	:	Stim:	1	dread
528368	[1020]	:	Stim:	1	rung
529388	[1020]	:	Stim:	1	booth
530408	[1020]	:	Stim:	1	dice
531427	[1019]	:	Stim:	1	dice
532427	[1000]	:	Key	34	UP	at	532032  
532447	[20]	:	Stim:	1	gush
533450	[1003]	:	Rest at: 533450
549281	[15831]	:	Stim:	1	navy
550300	[1019]	:	Stim:	1	navy
551300	[1000]	:	Key	34	DOWN	at	550916  
551301	[1]	:	Key	34	UP	at	551198  
551320	[19]	:	Stim:	1	eagle
552339	[1019]	:	Stim:	1	numb
553359	[1020]	:	Stim:	1	shrug
554379	[1020]	:	Stim:	1	rust
555399	[1020]	:	Stim:	1	thud
556418	[1019]	:	Stim:	1	cane
557438	[1020]	:	Stim:	1	mule
558457	[1019]	:	Stim:	1	mule
559457	[1000]	:	Key	34	DOWN	at	558891  
559458	[1]	:	Key	34	UP	at	559137  
559478	[20]	:	Stim:	1	maker
560497	[1019]	:	Stim:	1	veil
561517	[1020]	:	Stim:	1	quake
562536	[1019]	:	Stim:	1	maze
563556	[1020]	:	Stim:	1	mall
564576	[1020]	:	Stim:	1	yacht
565730	[1154]	:	Stim:	3	cheese
566916	[1186]	:	Stim:	3	bee
568035	[1119]	:	Stim:	3	lemon
569155	[1120]	:	Stim:	3	badger
570257	[1102]	:	Stim:	3	door
571327	[1070]	:	Stim:	3	fox
572413	[1086]	:	Stim:	3	shoe
573449	[1036]	:	Stim:	3	shoe
574449	[1000]	:	Key	34	DOWN	at	573879  
574450	[1]	:	Key	34	UP	at	574166  
574602	[152]	:	Stim:	3	medal
575771	[1169]	:	Stim:	3	bath
576942	[1171]	:	Stim:	3	coffin
578127	[1185]	:	Stim:	3	cake
579147	[1020]	:	Stim:	3	cake
580147	[1000]	:	Key	34	DOWN	at	579709  
580148	[1]	:	Key	34	UP	at	579973  
580267	[119]	:	Stim:	3	watch
581404	[1137]	:	Stim:	3	mouth
582590	[1186]	:	Stim:	3	carrot
583627	[1037]	:	Stim:	4	scram_2
584663	[1036]	:	Stim:	4	scram_10
585663	[1000]	:	Key	34	UP	at	585246  
585700	[37]	:	Stim:	4	scram_20
586737	[1037]	:	Stim:	4	scram_29
587839	[1102]	:	Stim:	4	scram_39
588959	[1120]	:	Stim:	4	scram_45
589995	[1036]	:	Stim:	4	scram_45
590995	[1000]	:	Key	34	DOWN	at	590789  
591082	[87]	:	Stim:	4	scram_53
592153	[1071]	:	Stim:	4	scram_58
593153	[1000]	:	Key	34	DOWN	at	592618  
593154	[1]	:	Key	34	UP	at	592922  
593239	[85]	:	Stim:	4	scram_72
594359	[1120]	:	Stim:	4	scram_76
595395	[1036]	:	Stim:	4	scram_1
596515	[1120]	:	Stim:	4	scram_3
597552	[1037]	:	Stim:	4	scram_3
598588	[1036]	:	Stim:	4	scram_4
599624	[1036]	:	Stim:	4	scram_5
600644	[1020]	:	Stim:	2	hgbt
601664	[1020]	:	Stim:	2	hgbt
602664	[1000]	:	Key	34	DOWN	at	602139  
602665	[1]	:	Key	34	UP	at	602432  
602684	[19]	:	Stim:	2	krspt
603703	[1019]	:	Stim:	2	tsxp
604723	[1020]	:	Stim:	2	vwbgg
605743	[1020]	:	Stim:	2	wwcg
606763	[1020]	:	Stim:	2	nzxq
607783	[1020]	:	Stim:	2	clxt
608802	[1019]	:	Stim:	2	gwkw
609822	[1020]	:	Stim:	2	gwkw
610841	[1019]	:	Stim:	2	jvtst
611861	[1020]	:	Stim:	2	pcmc
612881	[1020]	:	Stim:	2	mdwpk
613901	[1020]	:	Stim:	2	ksbx
614920	[1019]	:	Stim:	2	lnnc
615940	[1020]	:	Stim:	2	vpcrf
616943	[1003]	:	Rest at: 616943
644882	[27939]	:	COGENT STOP
