Cog2000 log file Fri Dec 07 09:31:33 2007
GPrim v1.24 Compiled:Feb 24 2003 (GLib DirectDraw v7 Compiled:Feb 24 2003)
Display:1024x768x32 59.81Hz
Attaching C:\expts\joe\localizer\Cogent2000v1.25\Toolbox\CogInput.dll
CogInput v1.04 Compiled: Apr  2 2002
1	[1]	:	COGENT START
15669	[15668]	:	Start of experiment: 15669
15686	[17]	:	Stim:	2	cjdh
16706	[1020]	:	Stim:	2	hdrg
17709	[1003]	:	Stim:	2	hdrg
18729	[1020]	:	Stim:	2	tgdjz
19748	[1019]	:	Stim:	2	bzcrn
20768	[1020]	:	Stim:	2	gjss
21788	[1020]	:	Stim:	2	nsxrr
22807	[1019]	:	Stim:	2	jdjrq
23828	[1021]	:	Stim:	2	jdjrq
24847	[1019]	:	Stim:	2	gxkz
25867	[1020]	:	Stim:	2	vhjb
26886	[1019]	:	Stim:	2	dclm
27906	[1020]	:	Stim:	2	bfzqz
28926	[1020]	:	Stim:	2	dbwq
29946	[1020]	:	Stim:	2	cjczd
30965	[1019]	:	Stim:	2	tlqv
32018	[1053]	:	Stim:	4	scram_1
33055	[1037]	:	Stim:	4	scram_2
34091	[1036]	:	Stim:	4	scram_2
35127	[1036]	:	Stim:	4	scram_4
36164	[1037]	:	Stim:	4	scram_5
37201	[1037]	:	Stim:	4	scram_6
38237	[1036]	:	Stim:	4	scram_7
39273	[1036]	:	Stim:	4	scram_8
40310	[1037]	:	Stim:	4	scram_9
41346	[1036]	:	Stim:	4	scram_10
42382	[1036]	:	Stim:	4	scram_10
43419	[1037]	:	Stim:	4	scram_12
44455	[1036]	:	Stim:	4	scram_13
45492	[1037]	:	Stim:	4	scram_14
46529	[1037]	:	Stim:	4	scram_15
47565	[1036]	:	Stim:	4	scram_16
48685	[1120]	:	Stim:	3	goat
49720	[1035]	:	Stim:	3	goat
50839	[1119]	:	Stim:	3	camera
51975	[1136]	:	Stim:	3	wheel
53162	[1187]	:	Stim:	3	camel
54232	[1070]	:	Stim:	3	donkey
55351	[1119]	:	Stim:	3	candle
56471	[1120]	:	Stim:	3	zip
57590	[1119]	:	Stim:	3	stool
58610	[1020]	:	Stim:	3	stool
59679	[1069]	:	Stim:	3	ruler
60849	[1170]	:	Stim:	3	wool
61986	[1137]	:	Stim:	3	tap
63055	[1069]	:	Stim:	3	mouse
64242	[1187]	:	Stim:	3	tiger
65429	[1187]	:	Stim:	3	belt
66449	[1020]	:	Stim:	1	claw
67468	[1019]	:	Stim:	1	hare
68488	[1020]	:	Stim:	1	hare
69507	[1019]	:	Stim:	1	spree
70528	[1021]	:	Stim:	1	scorn
71547	[1019]	:	Stim:	1	kite
72567	[1020]	:	Stim:	1	brute
73586	[1019]	:	Stim:	1	waltz
74606	[1020]	:	Stim:	1	waltz
75625	[1019]	:	Stim:	1	keel
76646	[1021]	:	Stim:	1	peck
77665	[1019]	:	Stim:	1	code
78685	[1020]	:	Stim:	1	ulcer
79705	[1020]	:	Stim:	1	babe
80724	[1019]	:	Stim:	1	haste
81745	[1021]	:	Stim:	1	yoke
82747	[1002]	:	Rest at: 82747
99797	[17050]	:	Stim:	3	parrot
100883	[1086]	:	Stim:	3	dice
102002	[1119]	:	Stim:	3	bib
103138	[1136]	:	Stim:	3	drum
104157	[1019]	:	Stim:	3	drum
105260	[1103]	:	Stim:	3	peach
106380	[1120]	:	Stim:	3	clock
107500	[1120]	:	Stim:	3	car
108620	[1120]	:	Stim:	3	pig
109823	[1203]	:	Stim:	3	basin
110959	[1136]	:	Stim:	3	saw
112063	[1104]	:	Stim:	3	cow
113082	[1019]	:	Stim:	3	cow
114218	[1136]	:	Stim:	3	flower
115355	[1137]	:	Stim:	3	key
116491	[1136]	:	Stim:	3	ball
117510	[1019]	:	Stim:	2	hndzg
118531	[1021]	:	Stim:	2	wkmmz
119550	[1019]	:	Stim:	2	kksl
120570	[1020]	:	Stim:	2	bcrf
121589	[1019]	:	Stim:	2	qwmfm
122609	[1020]	:	Stim:	2	xrvz
123628	[1019]	:	Stim:	2	xrvz
124649	[1021]	:	Stim:	2	zbrhx
125668	[1019]	:	Stim:	2	xhqb
126688	[1020]	:	Stim:	2	xhqb
127707	[1019]	:	Stim:	2	dhhhh
128727	[1020]	:	Stim:	2	sxjxn
129747	[1020]	:	Stim:	2	jkcwt
130767	[1020]	:	Stim:	2	vmxhv
131787	[1020]	:	Stim:	2	tvgvn
132806	[1019]	:	Stim:	2	hcbd
133826	[1020]	:	Stim:	1	feast
134845	[1019]	:	Stim:	1	baron
135866	[1021]	:	Stim:	1	watt
136885	[1019]	:	Stim:	1	gilt
137905	[1020]	:	Stim:	1	graft
138924	[1019]	:	Stim:	1	haul
139944	[1020]	:	Stim:	1	haul
140964	[1020]	:	Stim:	1	harem
141984	[1020]	:	Stim:	1	hump
143003	[1019]	:	Stim:	1	hump
144023	[1020]	:	Stim:	1	olive
145042	[1019]	:	Stim:	1	token
146062	[1020]	:	Stim:	1	burro
147082	[1020]	:	Stim:	1	lunge
148102	[1020]	:	Stim:	1	cargo
149122	[1020]	:	Stim:	1	loop
150158	[1036]	:	Stim:	4	scram_17
151195	[1037]	:	Stim:	4	scram_18
152231	[1036]	:	Stim:	4	scram_19
153267	[1036]	:	Stim:	4	scram_20
154304	[1037]	:	Stim:	4	scram_20
155340	[1036]	:	Stim:	4	scram_22
156376	[1036]	:	Stim:	4	scram_23
157413	[1037]	:	Stim:	4	scram_24
158450	[1037]	:	Stim:	4	scram_25
159486	[1036]	:	Stim:	4	scram_26
160522	[1036]	:	Stim:	4	scram_27
161559	[1037]	:	Stim:	4	scram_28
162595	[1036]	:	Stim:	4	scram_29
163631	[1036]	:	Stim:	4	scram_29
164667	[1036]	:	Stim:	4	scram_31
165705	[1038]	:	Stim:	4	scram_32
166707	[1002]	:	Rest at: 166707
183691	[16984]	:	Stim:	4	scram_33
184728	[1037]	:	Stim:	4	scram_34
185764	[1036]	:	Stim:	4	scram_35
186800	[1036]	:	Stim:	4	scram_36
187837	[1037]	:	Stim:	4	scram_37
188873	[1036]	:	Stim:	4	scram_38
189910	[1037]	:	Stim:	4	scram_38
190947	[1037]	:	Stim:	4	scram_40
191983	[1036]	:	Stim:	4	scram_41
193019	[1036]	:	Stim:	4	scram_42
194055	[1036]	:	Stim:	4	scram_43
195092	[1037]	:	Stim:	4	scram_44
196128	[1036]	:	Stim:	4	scram_44
197164	[1036]	:	Stim:	4	scram_46
198202	[1038]	:	Stim:	4	scram_47
199238	[1036]	:	Stim:	4	scram_48
200257	[1019]	:	Stim:	2	pjbnw
201277	[1020]	:	Stim:	2	gvmh
202296	[1019]	:	Stim:	2	thgj
203317	[1021]	:	Stim:	2	jxlgl
204336	[1019]	:	Stim:	2	jxlgl
205356	[1020]	:	Stim:	2	qtfkb
206375	[1019]	:	Stim:	2	tvpr
207395	[1020]	:	Stim:	2	mhbpc
208415	[1020]	:	Stim:	2	kxdkr
209418	[1003]	:	Stim:	2	cmqjj
210438	[1020]	:	Stim:	2	hdlmk
211457	[1019]	:	Stim:	2	phrxq
212477	[1020]	:	Stim:	2	kpbq
213497	[1020]	:	Stim:	2	nrlr
214516	[1019]	:	Stim:	2	rtlg
215537	[1021]	:	Stim:	2	rtlg
216556	[1019]	:	Stim:	1	gable
217576	[1020]	:	Stim:	1	disc
218595	[1019]	:	Stim:	1	roar
219615	[1020]	:	Stim:	1	giant
220635	[1020]	:	Stim:	1	giant
221655	[1020]	:	Stim:	1	oxide
222674	[1019]	:	Stim:	1	pare
223694	[1020]	:	Stim:	1	plumb
224713	[1019]	:	Stim:	1	clang
225733	[1020]	:	Stim:	1	fleet
226753	[1020]	:	Stim:	1	delta
227773	[1020]	:	Stim:	1	badge
228792	[1019]	:	Stim:	1	loot
229812	[1020]	:	Stim:	1	lily
230831	[1019]	:	Stim:	1	crew
231852	[1021]	:	Stim:	1	crew
232989	[1137]	:	Stim:	3	truck
234159	[1170]	:	Stim:	3	boot
235245	[1086]	:	Stim:	3	sofa
236265	[1020]	:	Stim:	3	sofa
237402	[1137]	:	Stim:	3	torch
238521	[1119]	:	Stim:	3	sword
239658	[1137]	:	Stim:	3	whale
240760	[1102]	:	Stim:	3	pram
241846	[1086]	:	Stim:	3	snake
243016	[1170]	:	Stim:	3	apple
244035	[1019]	:	Stim:	3	apple
245187	[1152]	:	Stim:	3	lion
246341	[1154]	:	Stim:	3	train
247528	[1187]	:	Stim:	3	hammer
248580	[1052]	:	Stim:	3	guitar
249667	[1087]	:	Stim:	3	vase
250670	[1003]	:	Rest at: 250670
267671	[17001]	:	Stim:	2	fmrpj
268691	[1020]	:	Stim:	2	lczj
269710	[1019]	:	Stim:	2	xjbq
270730	[1020]	:	Stim:	2	wdfgs
271750	[1020]	:	Stim:	2	pdps
272770	[1020]	:	Stim:	2	pdps
273789	[1019]	:	Stim:	2	hbtnm
274809	[1020]	:	Stim:	2	kgfzt
275829	[1020]	:	Stim:	2	cxpnp
276848	[1019]	:	Stim:	2	kmssf
277869	[1021]	:	Stim:	2	xzhdv
278888	[1019]	:	Stim:	2	vfkxq
279908	[1020]	:	Stim:	2	vfkxq
280927	[1019]	:	Stim:	2	krrv
281947	[1020]	:	Stim:	2	hdlrw
282967	[1020]	:	Stim:	2	gcgqw
283987	[1020]	:	Stim:	1	dogma
285006	[1019]	:	Stim:	1	sine
286026	[1020]	:	Stim:	1	pane
287045	[1019]	:	Stim:	1	knoll
288065	[1020]	:	Stim:	1	trim
289085	[1020]	:	Stim:	1	trim
290105	[1020]	:	Stim:	1	valor
291124	[1019]	:	Stim:	1	gaudy
292144	[1020]	:	Stim:	1	arise
293164	[1020]	:	Stim:	1	scout
294183	[1019]	:	Stim:	1	manor
295204	[1021]	:	Stim:	1	comet
296223	[1019]	:	Stim:	1	comet
297243	[1020]	:	Stim:	1	hive
298262	[1019]	:	Stim:	1	quack
299282	[1020]	:	Stim:	1	bloom
300468	[1186]	:	Stim:	3	shirt
301571	[1103]	:	Stim:	3	bomb
302741	[1170]	:	Stim:	3	bear
303826	[1085]	:	Stim:	3	pipe
304961	[1135]	:	Stim:	3	fence
306031	[1070]	:	Stim:	3	plant
307050	[1019]	:	Stim:	3	plant
308154	[1104]	:	Stim:	3	cot
309324	[1170]	:	Stim:	3	gate
310460	[1136]	:	Stim:	3	basket
311479	[1019]	:	Stim:	3	basket
312615	[1136]	:	Stim:	3	bottle
313718	[1103]	:	Stim:	3	wasp
314837	[1119]	:	Stim:	3	book
316024	[1187]	:	Stim:	3	rake
317144	[1120]	:	Stim:	3	chips
318181	[1037]	:	Stim:	4	scram_49
319217	[1036]	:	Stim:	4	scram_50
320253	[1036]	:	Stim:	4	scram_51
321289	[1036]	:	Stim:	4	scram_52
322327	[1038]	:	Stim:	4	scram_52
323363	[1036]	:	Stim:	4	scram_54
324399	[1036]	:	Stim:	4	scram_55
325436	[1037]	:	Stim:	4	scram_56
326472	[1036]	:	Stim:	4	scram_57
327508	[1036]	:	Stim:	4	scram_57
328545	[1037]	:	Stim:	4	scram_59
329581	[1036]	:	Stim:	4	scram_60
330618	[1037]	:	Stim:	4	scram_61
331654	[1036]	:	Stim:	4	scram_62
332691	[1037]	:	Stim:	4	scram_63
333727	[1036]	:	Stim:	4	scram_64
334730	[1003]	:	Rest at: 334730
351830	[17100]	:	Stim:	3	balloon
353017	[1187]	:	Stim:	3	fork
354187	[1170]	:	Stim:	3	wall
355274	[1087]	:	Stim:	3	mole
356327	[1053]	:	Stim:	3	rat
357513	[1186]	:	Stim:	3	pear
358617	[1104]	:	Stim:	3	rope
359654	[1037]	:	Stim:	3	rope
360740	[1086]	:	Stim:	3	grater
361826	[1086]	:	Stim:	3	fly
362962	[1136]	:	Stim:	3	leaf
364149	[1187]	:	Stim:	3	piano
365252	[1103]	:	Stim:	3	lamp
366389	[1137]	:	Stim:	3	anchor
367558	[1169]	:	Stim:	3	potato
368577	[1019]	:	Stim:	3	potato
369614	[1037]	:	Stim:	4	scram_65
370650	[1036]	:	Stim:	4	scram_66
371686	[1036]	:	Stim:	4	scram_67
372723	[1037]	:	Stim:	4	scram_68
373759	[1036]	:	Stim:	4	scram_69
374795	[1036]	:	Stim:	4	scram_70
375832	[1037]	:	Stim:	4	scram_71
376869	[1037]	:	Stim:	4	scram_71
377905	[1036]	:	Stim:	4	scram_73
378941	[1036]	:	Stim:	4	scram_74
379978	[1037]	:	Stim:	4	scram_75
381014	[1036]	:	Stim:	4	scram_75
382050	[1036]	:	Stim:	4	scram_77
383087	[1037]	:	Stim:	4	scram_78
384123	[1036]	:	Stim:	4	scram_79
385160	[1037]	:	Stim:	4	scram_80
386179	[1019]	:	Stim:	2	xhvzz
387200	[1021]	:	Stim:	2	vzpm
388219	[1019]	:	Stim:	2	vzpm
389239	[1020]	:	Stim:	2	kvwx
390258	[1019]	:	Stim:	2	spbxz
391278	[1020]	:	Stim:	2	cghm
392297	[1019]	:	Stim:	2	jkxfm
393318	[1021]	:	Stim:	2	qxcb
394337	[1019]	:	Stim:	2	vtwgb
395357	[1020]	:	Stim:	2	clhsb
396376	[1019]	:	Stim:	2	fdfcz
397396	[1020]	:	Stim:	2	pnmj
398416	[1020]	:	Stim:	2	xjvkd
399436	[1020]	:	Stim:	2	rnsd
400455	[1019]	:	Stim:	2	rnsd
401475	[1020]	:	Stim:	2	jhnb
402495	[1020]	:	Stim:	1	gleam
403514	[1019]	:	Stim:	1	gear
404535	[1021]	:	Stim:	1	gear
405554	[1019]	:	Stim:	1	lime
406574	[1020]	:	Stim:	1	alien
407593	[1019]	:	Stim:	1	dock
408613	[1020]	:	Stim:	1	spike
409632	[1019]	:	Stim:	1	lure
410653	[1021]	:	Stim:	1	zebra
411672	[1019]	:	Stim:	1	baton
412692	[1020]	:	Stim:	1	dread
413711	[1019]	:	Stim:	1	rung
414731	[1020]	:	Stim:	1	booth
415751	[1020]	:	Stim:	1	dice
416771	[1020]	:	Stim:	1	dice
417790	[1019]	:	Stim:	1	gush
418793	[1003]	:	Rest at: 418793
435661	[16868]	:	Stim:	1	navy
436680	[1019]	:	Stim:	1	navy
437700	[1020]	:	Stim:	1	eagle
438719	[1019]	:	Stim:	1	numb
439739	[1020]	:	Stim:	1	shrug
440759	[1020]	:	Stim:	1	rust
441779	[1020]	:	Stim:	1	thud
442798	[1019]	:	Stim:	1	cane
443818	[1020]	:	Stim:	1	mule
444837	[1019]	:	Stim:	1	mule
445858	[1021]	:	Stim:	1	maker
446877	[1019]	:	Stim:	1	veil
447897	[1020]	:	Stim:	1	quake
448916	[1019]	:	Stim:	1	maze
449936	[1020]	:	Stim:	1	mall
450955	[1019]	:	Stim:	1	yacht
452092	[1137]	:	Stim:	3	cheese
453247	[1155]	:	Stim:	3	bee
454383	[1136]	:	Stim:	3	lemon
455502	[1119]	:	Stim:	3	badger
456588	[1086]	:	Stim:	3	door
457675	[1087]	:	Stim:	3	fox
458779	[1104]	:	Stim:	3	shoe
459815	[1036]	:	Stim:	3	shoe
461001	[1186]	:	Stim:	3	medal
462138	[1137]	:	Stim:	3	bath
463290	[1152]	:	Stim:	3	coffin
464411	[1121]	:	Stim:	3	cake
465430	[1019]	:	Stim:	3	cake
466550	[1120]	:	Stim:	3	watch
467686	[1136]	:	Stim:	3	mouth
468756	[1070]	:	Stim:	3	carrot
469792	[1036]	:	Stim:	4	scram_2
470829	[1037]	:	Stim:	4	scram_10
471866	[1037]	:	Stim:	4	scram_20
472902	[1036]	:	Stim:	4	scram_29
473938	[1036]	:	Stim:	4	scram_39
474975	[1037]	:	Stim:	4	scram_45
476011	[1036]	:	Stim:	4	scram_45
477047	[1036]	:	Stim:	4	scram_53
478084	[1037]	:	Stim:	4	scram_58
479121	[1037]	:	Stim:	4	scram_72
480157	[1036]	:	Stim:	4	scram_76
481193	[1036]	:	Stim:	4	scram_1
482230	[1037]	:	Stim:	4	scram_3
483266	[1036]	:	Stim:	4	scram_3
484302	[1036]	:	Stim:	4	scram_4
485339	[1037]	:	Stim:	4	scram_5
486359	[1020]	:	Stim:	2	hgbt
487378	[1019]	:	Stim:	2	hgbt
488398	[1020]	:	Stim:	2	krspt
489417	[1019]	:	Stim:	2	tsxp
490437	[1020]	:	Stim:	2	vwbgg
491457	[1020]	:	Stim:	2	wwcg
492477	[1020]	:	Stim:	2	nzxq
493497	[1020]	:	Stim:	2	clxt
494516	[1019]	:	Stim:	2	gwkw
495536	[1020]	:	Stim:	2	gwkw
496556	[1020]	:	Stim:	2	jvtst
497576	[1020]	:	Stim:	2	pcmc
498595	[1019]	:	Stim:	2	mdwpk
499615	[1020]	:	Stim:	2	ksbx
500634	[1019]	:	Stim:	2	lnnc
501654	[1020]	:	Stim:	2	vpcrf
502658	[1004]	:	Rest at: 502657
620852	[118194]	:	COGENT STOP
