Cog2000 log file Fri Dec 07 09:19:48 2007
GPrim v1.24 Compiled:Feb 24 2003 (GLib DirectDraw v7 Compiled:Feb 24 2003)
Display:1024x768x32 59.81Hz
Attaching C:\expts\joe\localizer\Cogent2000v1.25\Toolbox\CogInput.dll
CogInput v1.04 Compiled: Apr  2 2002
2	[2]	:	COGENT START
131450	[131448]	:	Start of experiment: 131449
131468	[18]	:	Stim:	1	mist
132488	[1020]	:	Stim:	1	otter
133507	[1019]	:	Stim:	1	otter
134527	[1020]	:	Stim:	1	verse
135546	[1019]	:	Stim:	1	pail
136567	[1021]	:	Stim:	1	bosom
137586	[1019]	:	Stim:	1	tidy
138606	[1020]	:	Stim:	1	buyer
139625	[1019]	:	Stim:	1	port
140645	[1020]	:	Stim:	1	gulf
141665	[1020]	:	Stim:	1	gulf
142685	[1020]	:	Stim:	1	timid
143704	[1019]	:	Stim:	1	fowl
144724	[1020]	:	Stim:	1	navel
145744	[1020]	:	Stim:	1	spurt
146763	[1019]	:	Stim:	1	naval
147784	[1021]	:	Stim:	2	blmv
148803	[1019]	:	Stim:	2	gmzbw
149823	[1020]	:	Stim:	2	gmzbw
150842	[1019]	:	Stim:	2	fpjnl
151862	[1020]	:	Stim:	2	nsqs
152882	[1020]	:	Stim:	2	gprdk
153902	[1020]	:	Stim:	2	jjfm
154921	[1019]	:	Stim:	2	vhhtx
155941	[1020]	:	Stim:	2	zrpc
156960	[1019]	:	Stim:	2	tjlf
157980	[1020]	:	Stim:	2	tjlf
159000	[1020]	:	Stim:	2	hxfnj
160020	[1020]	:	Stim:	2	bptb
161039	[1019]	:	Stim:	2	wzkcb
162059	[1020]	:	Stim:	2	lnzxh
163079	[1020]	:	Stim:	2	mcvqp
164132	[1053]	:	Stim:	3	kettle
165167	[1035]	:	Stim:	3	ear
166187	[1020]	:	Stim:	3	pencil
167206	[1019]	:	Stim:	3	pencil
168227	[1021]	:	Stim:	3	bird
169262	[1035]	:	Stim:	3	snail
170281	[1019]	:	Stim:	3	hook
171300	[1019]	:	Stim:	3	mop
172320	[1020]	:	Stim:	3	plate
173339	[1019]	:	Stim:	3	owl
174375	[1036]	:	Stim:	3	slide
175395	[1020]	:	Stim:	3	slide
176414	[1019]	:	Stim:	3	brain
177434	[1020]	:	Stim:	3	whisk
178454	[1020]	:	Stim:	3	worm
179474	[1020]	:	Stim:	3	leek
180510	[1036]	:	Stim:	4	scram_1
181546	[1036]	:	Stim:	4	scram_2
182583	[1037]	:	Stim:	4	scram_2
183620	[1037]	:	Stim:	4	scram_4
184656	[1036]	:	Stim:	4	scram_5
185693	[1037]	:	Stim:	4	scram_6
186729	[1036]	:	Stim:	4	scram_7
187765	[1036]	:	Stim:	4	scram_8
188802	[1037]	:	Stim:	4	scram_9
189838	[1036]	:	Stim:	4	scram_10
190874	[1036]	:	Stim:	4	scram_10
191911	[1037]	:	Stim:	4	scram_12
192948	[1037]	:	Stim:	4	scram_13
193984	[1036]	:	Stim:	4	scram_14
195020	[1036]	:	Stim:	4	scram_15
196057	[1037]	:	Stim:	4	scram_16
197060	[1003]	:	Rest at: 197060
212471	[15411]	:	Stim:	3	mug
213590	[1119]	:	Stim:	3	hat
214759	[1169]	:	Stim:	3	chain
215895	[1136]	:	Stim:	3	crab
216998	[1103]	:	Stim:	3	frog
218018	[1020]	:	Stim:	3	frog
219155	[1137]	:	Stim:	3	log
220291	[1136]	:	Stim:	3	cookie
221377	[1086]	:	Stim:	3	seal
222531	[1154]	:	Stim:	3	sock
223618	[1087]	:	Stim:	3	biro
224738	[1120]	:	Stim:	3	button
225873	[1135]	:	Stim:	3	dagger
227043	[1170]	:	Stim:	3	egg
228079	[1036]	:	Stim:	3	egg
229231	[1152]	:	Stim:	3	horse
230250	[1019]	:	Stim:	1	greed
231271	[1021]	:	Stim:	1	swamp
232290	[1019]	:	Stim:	1	links
233310	[1020]	:	Stim:	1	mash
234329	[1019]	:	Stim:	1	mash
235332	[1003]	:	Stim:	1	flee
236352	[1020]	:	Stim:	1	curse
237372	[1020]	:	Stim:	1	heir
238392	[1020]	:	Stim:	1	clash
239412	[1020]	:	Stim:	1	strut
240431	[1019]	:	Stim:	1	naive
241451	[1020]	:	Stim:	1	ferry
242471	[1020]	:	Stim:	1	duke
243491	[1020]	:	Stim:	1	duke
244510	[1019]	:	Stim:	1	wrest
245530	[1020]	:	Stim:	1	magic
246600	[1070]	:	Stim:	4	scram_17
247669	[1069]	:	Stim:	4	scram_18
248723	[1054]	:	Stim:	4	scram_19
249776	[1053]	:	Stim:	4	scram_20
250812	[1036]	:	Stim:	4	scram_20
251915	[1103]	:	Stim:	4	scram_22
252986	[1071]	:	Stim:	4	scram_23
254105	[1119]	:	Stim:	4	scram_24
255208	[1103]	:	Stim:	4	scram_25
256279	[1071]	:	Stim:	4	scram_26
257331	[1052]	:	Stim:	4	scram_27
258402	[1071]	:	Stim:	4	scram_28
259488	[1086]	:	Stim:	4	scram_29
260524	[1036]	:	Stim:	4	scram_29
261594	[1070]	:	Stim:	4	scram_31
262664	[1070]	:	Stim:	4	scram_32
263684	[1020]	:	Stim:	2	xxcgm
264704	[1020]	:	Stim:	2	mkmjt
265723	[1019]	:	Stim:	2	jpkwp
266743	[1020]	:	Stim:	2	hzvk
267763	[1020]	:	Stim:	2	hzvk
268783	[1020]	:	Stim:	2	ldbh
269802	[1019]	:	Stim:	2	ndvvm
270822	[1020]	:	Stim:	2	pxgs
271841	[1019]	:	Stim:	2	gfdqs
272862	[1021]	:	Stim:	2	hhxrp
273881	[1019]	:	Stim:	2	qvckz
274901	[1020]	:	Stim:	2	sgdbf
275920	[1019]	:	Stim:	2	hcqv
276940	[1020]	:	Stim:	2	hcqv
277959	[1019]	:	Stim:	2	xlsjx
278980	[1021]	:	Stim:	2	xjwqb
279983	[1003]	:	Rest at: 279983
296532	[16549]	:	Stim:	4	scram_33
297585	[1053]	:	Stim:	4	scram_34
298655	[1070]	:	Stim:	4	scram_35
299725	[1070]	:	Stim:	4	scram_36
300761	[1036]	:	Stim:	4	scram_37
301797	[1036]	:	Stim:	4	scram_38
302834	[1037]	:	Stim:	4	scram_38
303871	[1037]	:	Stim:	4	scram_40
304907	[1036]	:	Stim:	4	scram_41
305943	[1036]	:	Stim:	4	scram_42
306980	[1037]	:	Stim:	4	scram_43
308016	[1036]	:	Stim:	4	scram_44
309052	[1036]	:	Stim:	4	scram_44
310089	[1037]	:	Stim:	4	scram_46
311175	[1086]	:	Stim:	4	scram_47
312346	[1171]	:	Stim:	4	scram_48
313465	[1119]	:	Stim:	3	dress
314551	[1086]	:	Stim:	3	knife
315737	[1186]	:	Stim:	3	bulb
316856	[1119]	:	Stim:	3	shark
318009	[1153]	:	Stim:	3	church
319079	[1070]	:	Stim:	3	shower
320098	[1019]	:	Stim:	3	shower
321235	[1137]	:	Stim:	3	oven
322305	[1070]	:	Stim:	3	spoon
323374	[1069]	:	Stim:	3	gun
324445	[1071]	:	Stim:	3	kite
325530	[1085]	:	Stim:	3	tomato
326549	[1019]	:	Stim:	3	tomato
327652	[1103]	:	Stim:	3	tree
328722	[1070]	:	Stim:	3	purse
329791	[1069]	:	Stim:	3	lizard
330812	[1021]	:	Stim:	2	zwdzg
331831	[1019]	:	Stim:	2	mpfd
332851	[1020]	:	Stim:	2	qcxrl
333871	[1020]	:	Stim:	2	npss
334890	[1019]	:	Stim:	2	crnks
335911	[1021]	:	Stim:	2	kwgsg
336930	[1019]	:	Stim:	2	kwgsg
337950	[1020]	:	Stim:	2	ztzb
338969	[1019]	:	Stim:	2	xztwx
339989	[1020]	:	Stim:	2	gqqd
341008	[1019]	:	Stim:	2	vmqhp
342029	[1021]	:	Stim:	2	jbhhf
343048	[1019]	:	Stim:	2	jbhhf
344068	[1020]	:	Stim:	2	nhmpw
345087	[1019]	:	Stim:	2	npxvq
346107	[1020]	:	Stim:	2	hvhf
347127	[1020]	:	Stim:	1	brook
348147	[1020]	:	Stim:	1	herd
349166	[1019]	:	Stim:	1	beech
350186	[1020]	:	Stim:	1	sash
351205	[1019]	:	Stim:	1	belly
352225	[1020]	:	Stim:	1	hound
353246	[1021]	:	Stim:	1	hound
354265	[1019]	:	Stim:	1	yelp
355285	[1020]	:	Stim:	1	canal
356304	[1019]	:	Stim:	1	jolt
357324	[1020]	:	Stim:	1	thong
358343	[1019]	:	Stim:	1	array
359364	[1021]	:	Stim:	1	array
360383	[1019]	:	Stim:	1	erupt
361403	[1020]	:	Stim:	1	gloom
362422	[1019]	:	Stim:	1	lard
363425	[1003]	:	Rest at: 363425
377451	[14026]	:	Stim:	2	pvpt
378470	[1019]	:	Stim:	2	wdxmk
379490	[1020]	:	Stim:	2	hxbfq
380510	[1020]	:	Stim:	2	vlmgf
381530	[1020]	:	Stim:	2	vlmgf
382549	[1019]	:	Stim:	2	nwkcv
383569	[1020]	:	Stim:	2	bwdfh
384588	[1019]	:	Stim:	2	ttck
385608	[1020]	:	Stim:	2	sgdh
386628	[1020]	:	Stim:	2	sgdh
387648	[1020]	:	Stim:	2	zcpf
388667	[1019]	:	Stim:	2	sgnj
389687	[1020]	:	Stim:	2	mhjbf
390706	[1019]	:	Stim:	2	xvvb
391727	[1021]	:	Stim:	2	wfnpg
392746	[1019]	:	Stim:	2	dbbv
393867	[1121]	:	Stim:	4	scram_49
395020	[1153]	:	Stim:	4	scram_50
396157	[1137]	:	Stim:	4	scram_51
397243	[1086]	:	Stim:	4	scram_52
398280	[1037]	:	Stim:	4	scram_52
399450	[1170]	:	Stim:	4	scram_54
400502	[1052]	:	Stim:	4	scram_55
401606	[1104]	:	Stim:	4	scram_56
402660	[1054]	:	Stim:	4	scram_57
403696	[1036]	:	Stim:	4	scram_57
404849	[1153]	:	Stim:	4	scram_59
405969	[1120]	:	Stim:	4	scram_60
407056	[1087]	:	Stim:	4	scram_61
408125	[1069]	:	Stim:	4	scram_62
409262	[1137]	:	Stim:	4	scram_63
410399	[1137]	:	Stim:	4	scram_64
411418	[1019]	:	Stim:	1	lice
412438	[1020]	:	Stim:	1	swore
413458	[1020]	:	Stim:	1	wound
414478	[1020]	:	Stim:	1	stunt
415497	[1019]	:	Stim:	1	stunt
416517	[1020]	:	Stim:	1	donor
417537	[1020]	:	Stim:	1	suite
418557	[1020]	:	Stim:	1	bias
419577	[1020]	:	Stim:	1	toil
420596	[1019]	:	Stim:	1	toil
421616	[1020]	:	Stim:	1	slit
422635	[1019]	:	Stim:	1	fawn
423655	[1020]	:	Stim:	1	abode
424675	[1020]	:	Stim:	1	gasp
425695	[1020]	:	Stim:	1	drill
426714	[1019]	:	Stim:	1	core
427883	[1169]	:	Stim:	3	nail
429036	[1153]	:	Stim:	3	tent
430122	[1086]	:	Stim:	3	razor
431292	[1170]	:	Stim:	3	boat
432312	[1020]	:	Stim:	3	boat
433381	[1069]	:	Stim:	3	tie
434500	[1119]	:	Stim:	3	barrel
435603	[1103]	:	Stim:	3	teeth
436756	[1153]	:	Stim:	3	bucket
437791	[1035]	:	Stim:	3	bucket
438911	[1120]	:	Stim:	3	bag
440047	[1136]	:	Stim:	3	bacon
441151	[1104]	:	Stim:	3	hand
442321	[1170]	:	Stim:	3	house
443457	[1136]	:	Stim:	3	onion
444543	[1086]	:	Stim:	3	fridge
445546	[1003]	:	Rest at: 445546
461444	[15898]	:	Stim:	1	silk
462463	[1019]	:	Stim:	1	echo
463483	[1020]	:	Stim:	1	sleet
464502	[1019]	:	Stim:	1	spire
465522	[1020]	:	Stim:	1	cord
466541	[1019]	:	Stim:	1	adorn
467562	[1021]	:	Stim:	1	newt
468581	[1019]	:	Stim:	1	newt
469601	[1020]	:	Stim:	1	rebel
470621	[1020]	:	Stim:	1	vivid
471640	[1019]	:	Stim:	1	vile
472661	[1021]	:	Stim:	1	vile
473680	[1019]	:	Stim:	1	rack
474700	[1020]	:	Stim:	1	hymn
475719	[1019]	:	Stim:	1	mole
476739	[1020]	:	Stim:	1	smelt
477875	[1136]	:	Stim:	3	dog
479011	[1136]	:	Stim:	3	plug
480182	[1171]	:	Stim:	3	fish
481300	[1118]	:	Stim:	3	hanger
482387	[1087]	:	Stim:	3	lock
483557	[1170]	:	Stim:	3	wolf
484694	[1137]	:	Stim:	3	drill
485712	[1018]	:	Stim:	3	drill
486816	[1104]	:	Stim:	3	money
487903	[1087]	:	Stim:	3	axe
489005	[1102]	:	Stim:	3	chair
490040	[1035]	:	Stim:	3	chair
491177	[1137]	:	Stim:	3	baby
492297	[1120]	:	Stim:	3	bed
493384	[1087]	:	Stim:	3	bin
494521	[1137]	:	Stim:	3	glove
495540	[1019]	:	Stim:	2	mxsz
496560	[1020]	:	Stim:	2	xscf
497579	[1019]	:	Stim:	2	tgtrs
498582	[1003]	:	Stim:	2	lhlpm
499602	[1020]	:	Stim:	2	lbds
500621	[1019]	:	Stim:	2	khgvp
501625	[1004]	:	Stim:	2	fqtp
502645	[1020]	:	Stim:	2	fqtp
503664	[1019]	:	Stim:	2	mjzjn
504684	[1020]	:	Stim:	2	lgpdv
505704	[1020]	:	Stim:	2	bvpv
506723	[1019]	:	Stim:	2	bvpv
507744	[1021]	:	Stim:	2	jqwh
508763	[1019]	:	Stim:	2	jzck
509783	[1020]	:	Stim:	2	fkhd
510802	[1019]	:	Stim:	2	mscjs
511939	[1137]	:	Stim:	4	scram_65
513076	[1137]	:	Stim:	4	scram_66
514246	[1170]	:	Stim:	4	scram_67
515316	[1070]	:	Stim:	4	scram_68
516436	[1120]	:	Stim:	4	scram_69
517505	[1069]	:	Stim:	4	scram_70
518625	[1120]	:	Stim:	4	scram_71
519663	[1038]	:	Stim:	4	scram_71
520799	[1136]	:	Stim:	4	scram_73
521852	[1053]	:	Stim:	4	scram_74
522955	[1103]	:	Stim:	4	scram_75
523991	[1036]	:	Stim:	4	scram_75
525095	[1104]	:	Stim:	4	scram_77
526215	[1120]	:	Stim:	4	scram_78
527268	[1053]	:	Stim:	4	scram_79
528388	[1120]	:	Stim:	4	scram_80
529391	[1003]	:	Rest at: 529391
545455	[16064]	:	Stim:	4	scram_2
546492	[1037]	:	Stim:	4	scram_10
547529	[1037]	:	Stim:	4	scram_20
548565	[1036]	:	Stim:	4	scram_29
549685	[1120]	:	Stim:	4	scram_39
550772	[1087]	:	Stim:	4	scram_45
551808	[1036]	:	Stim:	4	scram_45
552877	[1069]	:	Stim:	4	scram_53
553948	[1071]	:	Stim:	4	scram_58
555035	[1087]	:	Stim:	4	scram_72
556087	[1052]	:	Stim:	4	scram_76
557123	[1036]	:	Stim:	4	scram_1
558311	[1188]	:	Stim:	4	scram_3
559347	[1036]	:	Stim:	4	scram_3
560383	[1036]	:	Stim:	4	scram_4
561420	[1037]	:	Stim:	4	scram_5
562440	[1020]	:	Stim:	1	lodge
563459	[1019]	:	Stim:	1	zeal
564479	[1020]	:	Stim:	1	cult
565498	[1019]	:	Stim:	1	mare
566518	[1020]	:	Stim:	1	tuck
567538	[1020]	:	Stim:	1	plea
568558	[1020]	:	Stim:	1	plea
569578	[1020]	:	Stim:	1	prop
570597	[1019]	:	Stim:	1	veal
571617	[1020]	:	Stim:	1	melon
572637	[1020]	:	Stim:	1	goat
573657	[1020]	:	Stim:	1	feat
574676	[1019]	:	Stim:	1	belle
575696	[1020]	:	Stim:	1	belle
576715	[1019]	:	Stim:	1	vain
577735	[1020]	:	Stim:	1	chaos
578755	[1020]	:	Stim:	2	qbzlv
579775	[1020]	:	Stim:	2	rkjr
580794	[1019]	:	Stim:	2	brxz
581814	[1020]	:	Stim:	2	qlwq
582833	[1019]	:	Stim:	2	rjkl
583854	[1021]	:	Stim:	2	vfsd
584873	[1019]	:	Stim:	2	vfsd
585893	[1020]	:	Stim:	2	hnpg
586913	[1020]	:	Stim:	2	prkb
587932	[1019]	:	Stim:	2	zlpjh
588952	[1020]	:	Stim:	2	mgqz
589972	[1020]	:	Stim:	2	tvdx
590992	[1020]	:	Stim:	2	bwxjn
592011	[1019]	:	Stim:	2	bwxjn
593031	[1020]	:	Stim:	2	tpcf
594050	[1019]	:	Stim:	2	pvmsc
595203	[1153]	:	Stim:	3	bench
596289	[1086]	:	Stim:	3	bus
597393	[1104]	:	Stim:	3	foot
598496	[1103]	:	Stim:	3	screw
599582	[1086]	:	Stim:	3	swan
600753	[1171]	:	Stim:	3	bell
601789	[1036]	:	Stim:	3	bell
602893	[1104]	:	Stim:	3	shell
603996	[1103]	:	Stim:	3	grapes
605116	[1120]	:	Stim:	3	zebra
606287	[1171]	:	Stim:	3	coat
607372	[1085]	:	Stim:	3	bone
608493	[1121]	:	Stim:	3	window
609512	[1019]	:	Stim:	3	window
610616	[1104]	:	Stim:	3	bowl
611686	[1070]	:	Stim:	3	ant
612689	[1003]	:	Rest at: 612689
694492	[81803]	:	COGENT STOP
