Cog2000 log file Mon Jun 30 10:12:31 2008
GPrim v1.24 Compiled:Feb 24 2003 (GLib DirectDraw v7 Compiled:Feb 24 2003)
Display:1024x768x32 59.84Hz
Attaching C:\Expts\Joe\localizer\Cogent2000v1.25\Toolbox\CogInput.dll
CogInput v1.04 Compiled: Apr  2 2002
2	[2]	:	COGENT START
20728	[20726]	:	Start of experiment: 20728
20743	[15]	:	Stim:	1	mist
21762	[1019]	:	Stim:	1	otter
22782	[1020]	:	Stim:	1	otter
23782	[1000]	:	Key	34	DOWN	at	23367   
23783	[1]	:	Key	34	UP	at	23648   
23801	[18]	:	Stim:	1	verse
24804	[1003]	:	Stim:	1	pail
25807	[1003]	:	Stim:	1	bosom
26810	[1003]	:	Stim:	1	tidy
27813	[1003]	:	Stim:	1	buyer
28816	[1003]	:	Stim:	1	port
29819	[1003]	:	Stim:	1	gulf
30823	[1004]	:	Stim:	1	gulf
31822	[999]	:	Key	34	DOWN	at	31459   
31823	[1]	:	Key	34	UP	at	31711   
31842	[19]	:	Stim:	1	timid
32862	[1020]	:	Stim:	1	fowl
33865	[1003]	:	Stim:	1	navel
34868	[1003]	:	Stim:	1	spurt
35871	[1003]	:	Stim:	1	naval
36874	[1003]	:	Stim:	2	blmv
37877	[1003]	:	Stim:	2	gmzbw
38879	[1002]	:	Stim:	2	gmzbw
39882	[1003]	:	Stim:	2	fpjnl
40886	[1004]	:	Stim:	2	nsqs
41906	[1020]	:	Stim:	2	gprdk
42909	[1003]	:	Stim:	2	jjfm
43912	[1003]	:	Stim:	2	vhhtx
44915	[1003]	:	Stim:	2	zrpc
45918	[1003]	:	Stim:	2	tjlf
46920	[1002]	:	Stim:	2	tjlf
47920	[1000]	:	Key	34	DOWN	at	47543   
47920	[0]	:	Key	34	UP	at	47795   
47940	[20]	:	Stim:	2	hxfnj
48943	[1003]	:	Stim:	2	bptb
49946	[1003]	:	Stim:	2	wzkcb
50950	[1004]	:	Stim:	2	lnzxh
51969	[1019]	:	Stim:	2	mcvqp
53122	[1153]	:	Stim:	3	kettle
54308	[1186]	:	Stim:	3	ear
55395	[1087]	:	Stim:	3	pencil
56415	[1020]	:	Stim:	3	pencil
57415	[1000]	:	Key	34	DOWN	at	57099   
57416	[1]	:	Key	34	UP	at	57345   
57568	[152]	:	Stim:	3	bird
58655	[1087]	:	Stim:	3	snail
59742	[1087]	:	Stim:	3	hook
60927	[1185]	:	Stim:	3	mop
62030	[1103]	:	Stim:	3	plate
63182	[1152]	:	Stim:	3	owl
64235	[1053]	:	Stim:	3	slide
65254	[1019]	:	Stim:	3	slide
66254	[1000]	:	Key	34	DOWN	at	65877   
66254	[0]	:	Key	34	UP	at	66123   
66391	[137]	:	Stim:	3	brain
67528	[1137]	:	Stim:	3	whisk
68581	[1053]	:	Stim:	3	worm
69734	[1153]	:	Stim:	3	leek
70770	[1036]	:	Stim:	4	scram_1
71807	[1037]	:	Stim:	4	scram_2
72843	[1036]	:	Stim:	4	scram_2
73879	[1036]	:	Stim:	4	scram_4
74917	[1038]	:	Stim:	4	scram_5
75953	[1036]	:	Stim:	4	scram_6
76989	[1036]	:	Stim:	4	scram_7
78026	[1037]	:	Stim:	4	scram_8
79062	[1036]	:	Stim:	4	scram_9
80098	[1036]	:	Stim:	4	scram_10
81135	[1037]	:	Stim:	4	scram_10
82135	[1000]	:	Key	34	DOWN	at	81720   
82136	[1]	:	Key	34	UP	at	81966   
82171	[35]	:	Stim:	4	scram_12
83208	[1037]	:	Stim:	4	scram_13
84245	[1037]	:	Stim:	4	scram_14
85281	[1036]	:	Stim:	4	scram_15
86317	[1036]	:	Stim:	4	scram_16
87321	[1004]	:	Rest at: 87320
101864	[14543]	:	Stim:	3	mug
103034	[1170]	:	Stim:	3	hat
104187	[1153]	:	Stim:	3	chain
105358	[1171]	:	Stim:	3	crab
106444	[1086]	:	Stim:	3	frog
107463	[1019]	:	Stim:	3	frog
108463	[1000]	:	Key	34	DOWN	at	108146  
108464	[1]	:	Key	34	UP	at	108410  
108566	[102]	:	Stim:	3	log
109703	[1137]	:	Stim:	3	cookie
110838	[1135]	:	Stim:	3	seal
111959	[1121]	:	Stim:	3	sock
113061	[1102]	:	Stim:	3	biro
114230	[1169]	:	Stim:	3	button
115366	[1136]	:	Stim:	3	dagger
116468	[1102]	:	Stim:	3	egg
117488	[1020]	:	Stim:	3	egg
118488	[1000]	:	Key	34	DOWN	at	118196  
118489	[1]	:	Key	34	UP	at	118424  
118575	[86]	:	Stim:	3	horse
119578	[1003]	:	Stim:	1	greed
120581	[1003]	:	Stim:	1	swamp
121584	[1003]	:	Stim:	1	links
122587	[1003]	:	Stim:	1	mash
123589	[1002]	:	Stim:	1	mash
124589	[1000]	:	Key	34	DOWN	at	124219  
124590	[1]	:	Key	34	UP	at	124465  
124609	[19]	:	Stim:	1	flee
125613	[1004]	:	Stim:	1	curse
126616	[1003]	:	Stim:	1	heir
127635	[1019]	:	Stim:	1	clash
128655	[1020]	:	Stim:	1	strut
129658	[1003]	:	Stim:	1	naive
130661	[1003]	:	Stim:	1	ferry
131664	[1003]	:	Stim:	1	duke
132667	[1003]	:	Stim:	1	duke
133667	[1000]	:	Key	34	DOWN	at	133307  
133668	[1]	:	Key	34	UP	at	133571  
133687	[19]	:	Stim:	1	wrest
134690	[1003]	:	Stim:	1	magic
135726	[1036]	:	Stim:	4	scram_17
136762	[1036]	:	Stim:	4	scram_18
137799	[1037]	:	Stim:	4	scram_19
138836	[1037]	:	Stim:	4	scram_20
139872	[1036]	:	Stim:	4	scram_20
140872	[1000]	:	Key	34	DOWN	at	140379  
140873	[1]	:	Key	34	UP	at	140626  
140909	[36]	:	Stim:	4	scram_22
141945	[1036]	:	Stim:	4	scram_23
142981	[1036]	:	Stim:	4	scram_24
144017	[1036]	:	Stim:	4	scram_25
145054	[1037]	:	Stim:	4	scram_26
146090	[1036]	:	Stim:	4	scram_27
147127	[1037]	:	Stim:	4	scram_28
148164	[1037]	:	Stim:	4	scram_29
149200	[1036]	:	Stim:	4	scram_29
150200	[1000]	:	Key	34	DOWN	at	150106  
150236	[36]	:	Stim:	4	scram_31
151273	[1037]	:	Stim:	4	scram_32
152293	[1020]	:	Stim:	2	xxcgm
153295	[1002]	:	Stim:	2	mkmjt
154298	[1003]	:	Stim:	2	jpkwp
155301	[1003]	:	Stim:	2	hzvk
156304	[1003]	:	Stim:	2	hzvk
157304	[1000]	:	Key	34	DOWN	at	156962  
157305	[1]	:	Key	34	UP	at	157172  
157324	[19]	:	Stim:	2	ldbh
158327	[1003]	:	Stim:	2	ndvvm
159330	[1003]	:	Stim:	2	pxgs
160334	[1004]	:	Stim:	2	gfdqs
161353	[1019]	:	Stim:	2	hhxrp
162356	[1003]	:	Stim:	2	qvckz
163359	[1003]	:	Stim:	2	sgdbf
164362	[1003]	:	Stim:	2	hcqv
165365	[1003]	:	Stim:	2	hcqv
166365	[1000]	:	Key	34	DOWN	at	165991  
166366	[1]	:	Key	34	UP	at	166254  
166384	[18]	:	Stim:	2	xlsjx
167387	[1003]	:	Stim:	2	xjwqb
168391	[1004]	:	Rest at: 168390
182751	[14360]	:	Stim:	4	scram_33
183787	[1036]	:	Stim:	4	scram_34
184823	[1036]	:	Stim:	4	scram_35
185860	[1037]	:	Stim:	4	scram_36
186896	[1036]	:	Stim:	4	scram_37
187932	[1036]	:	Stim:	4	scram_38
188969	[1037]	:	Stim:	4	scram_38
189969	[1000]	:	Key	34	DOWN	at	189510  
189970	[1]	:	Key	34	UP	at	189704  
190005	[35]	:	Stim:	4	scram_40
191042	[1037]	:	Stim:	4	scram_41
192079	[1037]	:	Stim:	4	scram_42
193079	[1000]	:	Key	34	DOWN	at	192891  
193080	[1]	:	Key	34	UP	at	193032  
193115	[35]	:	Stim:	4	scram_43
194151	[1036]	:	Stim:	4	scram_44
195188	[1037]	:	Stim:	4	scram_44
196224	[1036]	:	Stim:	4	scram_46
197260	[1036]	:	Stim:	4	scram_47
198296	[1036]	:	Stim:	4	scram_48
199451	[1155]	:	Stim:	3	dress
200520	[1069]	:	Stim:	3	knife
201657	[1137]	:	Stim:	3	bulb
202777	[1120]	:	Stim:	3	shark
203981	[1204]	:	Stim:	3	church
205151	[1170]	:	Stim:	3	shower
206170	[1019]	:	Stim:	3	shower
207170	[1000]	:	Key	34	DOWN	at	206795  
207170	[0]	:	Key	34	UP	at	207036  
207307	[137]	:	Stim:	3	oven
208393	[1086]	:	Stim:	3	spoon
209512	[1119]	:	Stim:	3	gun
210582	[1070]	:	Stim:	3	kite
211701	[1119]	:	Stim:	3	tomato
212719	[1018]	:	Stim:	3	tomato
213719	[1000]	:	Key	34	DOWN	at	213428  
213756	[37]	:	Stim:	3	tree
214842	[1086]	:	Stim:	3	purse
215979	[1137]	:	Stim:	3	lizard
216982	[1003]	:	Stim:	2	zwdzg
217985	[1003]	:	Stim:	2	mpfd
218989	[1004]	:	Stim:	2	qcxrl
219992	[1003]	:	Stim:	2	npss
221011	[1019]	:	Stim:	2	crnks
222014	[1003]	:	Stim:	2	kwgsg
223017	[1003]	:	Stim:	2	kwgsg
224017	[1000]	:	Key	34	DOWN	at	223782  
224018	[1]	:	Key	34	UP	at	223993  
224037	[19]	:	Stim:	2	ztzb
225040	[1003]	:	Stim:	2	xztwx
226043	[1003]	:	Stim:	2	gqqd
227045	[1002]	:	Stim:	2	vmqhp
228048	[1003]	:	Stim:	2	jbhhf
229052	[1004]	:	Stim:	2	jbhhf
230051	[999]	:	Key	34	DOWN	at	229788  
230052	[1]	:	Key	34	UP	at	230022  
230072	[20]	:	Stim:	2	nhmpw
231091	[1019]	:	Stim:	2	npxvq
232094	[1003]	:	Stim:	2	hvhf
233097	[1003]	:	Stim:	1	brook
234100	[1003]	:	Stim:	1	herd
235103	[1003]	:	Stim:	1	beech
236106	[1003]	:	Stim:	1	sash
237109	[1003]	:	Stim:	1	belly
238112	[1003]	:	Stim:	1	hound
239116	[1004]	:	Stim:	1	hound
240115	[999]	:	Key	34	DOWN	at	239919  
240135	[20]	:	Stim:	1	yelp
241138	[1003]	:	Stim:	1	canal
242141	[1003]	:	Stim:	1	jolt
243144	[1003]	:	Stim:	1	thong
244147	[1003]	:	Stim:	1	array
245150	[1003]	:	Stim:	1	array
246150	[1000]	:	Key	34	DOWN	at	245954  
246170	[20]	:	Stim:	1	erupt
247172	[1002]	:	Stim:	1	gloom
248175	[1003]	:	Stim:	1	lard
249179	[1004]	:	Rest at: 249179
263722	[14543]	:	Stim:	2	pvpt
264725	[1003]	:	Stim:	2	wdxmk
265728	[1003]	:	Stim:	2	hxbfq
266731	[1003]	:	Stim:	2	vlmgf
267735	[1004]	:	Stim:	2	vlmgf
268734	[999]	:	Key	34	DOWN	at	268460  
268735	[1]	:	Key	34	UP	at	268676  
268754	[19]	:	Stim:	2	nwkcv
269757	[1003]	:	Stim:	2	bwdfh
270760	[1003]	:	Stim:	2	ttck
271763	[1003]	:	Stim:	2	sgdh
272766	[1003]	:	Stim:	2	sgdh
273766	[1000]	:	Key	34	DOWN	at	273440  
273767	[1]	:	Key	34	UP	at	273669  
273786	[19]	:	Stim:	2	zcpf
274789	[1003]	:	Stim:	2	sgnj
275792	[1003]	:	Stim:	2	mhjbf
276795	[1003]	:	Stim:	2	xvvb
277798	[1003]	:	Stim:	2	wfnpg
278801	[1003]	:	Stim:	2	dbbv
279837	[1036]	:	Stim:	4	scram_49
280874	[1037]	:	Stim:	4	scram_50
281911	[1037]	:	Stim:	4	scram_51
282947	[1036]	:	Stim:	4	scram_52
283983	[1036]	:	Stim:	4	scram_52
285020	[1037]	:	Stim:	4	scram_54
286056	[1036]	:	Stim:	4	scram_55
287092	[1036]	:	Stim:	4	scram_56
288129	[1037]	:	Stim:	4	scram_57
289166	[1037]	:	Stim:	4	scram_57
290166	[1000]	:	Key	34	DOWN	at	289934  
290202	[36]	:	Stim:	4	scram_59
291238	[1036]	:	Stim:	4	scram_60
292275	[1037]	:	Stim:	4	scram_61
293311	[1036]	:	Stim:	4	scram_62
294347	[1036]	:	Stim:	4	scram_63
295384	[1037]	:	Stim:	4	scram_64
296404	[1020]	:	Stim:	1	lice
297407	[1003]	:	Stim:	1	swore
298410	[1003]	:	Stim:	1	wound
299413	[1003]	:	Stim:	1	stunt
300416	[1003]	:	Stim:	1	stunt
301416	[1000]	:	Key	34	DOWN	at	300950  
301417	[1]	:	Key	34	UP	at	301190  
301435	[18]	:	Stim:	1	donor
302438	[1003]	:	Stim:	1	suite
303441	[1003]	:	Stim:	1	bias
304445	[1004]	:	Stim:	1	toil
305464	[1019]	:	Stim:	1	toil
306464	[1000]	:	Key	34	DOWN	at	306370  
306484	[20]	:	Stim:	1	slit
307487	[1003]	:	Stim:	1	fawn
308506	[1019]	:	Stim:	1	abode
309509	[1003]	:	Stim:	1	gasp
310512	[1003]	:	Stim:	1	drill
311515	[1003]	:	Stim:	1	core
312635	[1120]	:	Stim:	3	nail
313689	[1054]	:	Stim:	3	tent
314775	[1086]	:	Stim:	3	razor
315979	[1204]	:	Stim:	3	boat
316998	[1019]	:	Stim:	3	boat
317998	[1000]	:	Key	34	DOWN	at	317837  
318034	[36]	:	Stim:	3	tie
319205	[1171]	:	Stim:	3	barrel
320308	[1103]	:	Stim:	3	teeth
321462	[1154]	:	Stim:	3	bucket
322480	[1018]	:	Stim:	3	bucket
323480	[1000]	:	Key	34	DOWN	at	323151  
323481	[1]	:	Key	34	UP	at	323397  
323600	[119]	:	Stim:	3	bag
324754	[1154]	:	Stim:	3	bacon
325823	[1069]	:	Stim:	3	hand
326960	[1137]	:	Stim:	3	house
328097	[1137]	:	Stim:	3	onion
329250	[1153]	:	Stim:	3	fridge
330253	[1003]	:	Rest at: 330253
344729	[14476]	:	Stim:	1	silk
345732	[1003]	:	Stim:	1	echo
346735	[1003]	:	Stim:	1	sleet
347738	[1003]	:	Stim:	1	spire
348741	[1003]	:	Stim:	1	cord
349744	[1003]	:	Stim:	1	adorn
350747	[1003]	:	Stim:	1	newt
351750	[1003]	:	Stim:	1	newt
352750	[1000]	:	Key	34	DOWN	at	352489  
352751	[1]	:	Key	34	UP	at	352729  
352770	[19]	:	Stim:	1	rebel
353790	[1020]	:	Stim:	1	vivid
354793	[1003]	:	Stim:	1	vile
355795	[1002]	:	Stim:	1	vile
356795	[1000]	:	Key	34	DOWN	at	356456  
356795	[0]	:	Key	34	UP	at	356696  
356815	[20]	:	Stim:	1	rack
357818	[1003]	:	Stim:	1	hymn
358821	[1003]	:	Stim:	1	mole
359824	[1003]	:	Stim:	1	smelt
360944	[1120]	:	Stim:	3	dog
362081	[1137]	:	Stim:	3	plug
363252	[1171]	:	Stim:	3	fish
364321	[1069]	:	Stim:	3	hanger
365441	[1120]	:	Stim:	3	lock
366561	[1120]	:	Stim:	3	wolf
367630	[1069]	:	Stim:	3	drill
368650	[1020]	:	Stim:	3	drill
369650	[1000]	:	Key	34	DOWN	at	369370  
369651	[1]	:	Key	34	UP	at	369598  
369770	[119]	:	Stim:	3	money
370923	[1153]	:	Stim:	3	axe
372009	[1086]	:	Stim:	3	chair
373029	[1020]	:	Stim:	3	chair
374029	[1000]	:	Key	34	DOWN	at	373829  
374149	[120]	:	Stim:	3	baby
375286	[1137]	:	Stim:	3	bed
376405	[1119]	:	Stim:	3	bin
377542	[1137]	:	Stim:	3	glove
378545	[1003]	:	Stim:	2	mxsz
379548	[1003]	:	Stim:	2	xscf
380568	[1020]	:	Stim:	2	tgtrs
381571	[1003]	:	Stim:	2	lhlpm
382574	[1003]	:	Stim:	2	lbds
383577	[1003]	:	Stim:	2	khgvp
384580	[1003]	:	Stim:	2	fqtp
385583	[1003]	:	Stim:	2	fqtp
386583	[1000]	:	Key	34	DOWN	at	386221  
386584	[1]	:	Key	34	UP	at	386479  
386602	[18]	:	Stim:	2	mjzjn
387605	[1003]	:	Stim:	2	lgpdv
388609	[1004]	:	Stim:	2	bvpv
389612	[1003]	:	Stim:	2	bvpv
390612	[1000]	:	Key	34	DOWN	at	390288  
390612	[0]	:	Key	34	UP	at	390510  
390631	[19]	:	Stim:	2	jqwh
391634	[1003]	:	Stim:	2	jzck
392637	[1003]	:	Stim:	2	fkhd
393640	[1003]	:	Stim:	2	mscjs
394676	[1036]	:	Stim:	4	scram_65
395713	[1037]	:	Stim:	4	scram_66
396750	[1037]	:	Stim:	4	scram_67
397786	[1036]	:	Stim:	4	scram_68
398823	[1037]	:	Stim:	4	scram_69
399859	[1036]	:	Stim:	4	scram_70
400895	[1036]	:	Stim:	4	scram_71
401932	[1037]	:	Stim:	4	scram_71
402931	[999]	:	Key	34	DOWN	at	402645  
402932	[1]	:	Key	34	UP	at	402909  
402968	[36]	:	Stim:	4	scram_73
404004	[1036]	:	Stim:	4	scram_74
405042	[1038]	:	Stim:	4	scram_75
406078	[1036]	:	Stim:	4	scram_75
407078	[1000]	:	Key	34	DOWN	at	406776  
407079	[1]	:	Key	34	UP	at	406975  
407114	[35]	:	Stim:	4	scram_77
408150	[1036]	:	Stim:	4	scram_78
409187	[1037]	:	Stim:	4	scram_79
410223	[1036]	:	Stim:	4	scram_80
411226	[1003]	:	Rest at: 411226
425754	[14528]	:	Stim:	4	scram_2
426790	[1036]	:	Stim:	4	scram_10
427826	[1036]	:	Stim:	4	scram_20
428863	[1037]	:	Stim:	4	scram_29
429899	[1036]	:	Stim:	4	scram_39
430935	[1036]	:	Stim:	4	scram_45
431972	[1037]	:	Stim:	4	scram_45
432971	[999]	:	Key	34	DOWN	at	432651  
432971	[0]	:	Key	34	UP	at	432926  
433008	[37]	:	Stim:	4	scram_53
434045	[1037]	:	Stim:	4	scram_58
435081	[1036]	:	Stim:	4	scram_72
436118	[1037]	:	Stim:	4	scram_76
437154	[1036]	:	Stim:	4	scram_1
438190	[1036]	:	Stim:	4	scram_3
439227	[1037]	:	Stim:	4	scram_3
440227	[1000]	:	Key	34	DOWN	at	440028  
440263	[36]	:	Stim:	4	scram_4
441299	[1036]	:	Stim:	4	scram_5
442302	[1003]	:	Stim:	1	lodge
443306	[1004]	:	Stim:	1	zeal
444309	[1003]	:	Stim:	1	cult
445329	[1020]	:	Stim:	1	mare
446332	[1003]	:	Stim:	1	tuck
447335	[1003]	:	Stim:	1	plea
448337	[1002]	:	Stim:	1	plea
449337	[1000]	:	Key	34	DOWN	at	448811  
449337	[0]	:	Key	34	UP	at	449069  
449357	[20]	:	Stim:	1	prop
450360	[1003]	:	Stim:	1	veal
451363	[1003]	:	Stim:	1	melon
452366	[1003]	:	Stim:	1	goat
453370	[1004]	:	Stim:	1	feat
454373	[1003]	:	Stim:	1	belle
455392	[1019]	:	Stim:	1	belle
456392	[1000]	:	Key	34	DOWN	at	456083  
456393	[1]	:	Key	34	UP	at	456323  
456412	[19]	:	Stim:	1	vain
457415	[1003]	:	Stim:	1	chaos
458418	[1003]	:	Stim:	2	qbzlv
459420	[1002]	:	Stim:	2	rkjr
460423	[1003]	:	Stim:	2	brxz
461426	[1003]	:	Stim:	2	qlwq
462429	[1003]	:	Stim:	2	rjkl
463433	[1004]	:	Stim:	2	vfsd
464436	[1003]	:	Stim:	2	vfsd
465436	[1000]	:	Key	34	DOWN	at	465165  
465437	[1]	:	Key	34	UP	at	465411  
465456	[19]	:	Stim:	2	hnpg
466459	[1003]	:	Stim:	2	prkb
467462	[1003]	:	Stim:	2	zlpjh
468464	[1002]	:	Stim:	2	mgqz
469467	[1003]	:	Stim:	2	tvdx
470470	[1003]	:	Stim:	2	bwxjn
471473	[1003]	:	Stim:	2	bwxjn
472473	[1000]	:	Key	34	DOWN	at	472137  
472474	[1]	:	Key	34	UP	at	472378  
472493	[19]	:	Stim:	2	tpcf
473497	[1004]	:	Stim:	2	pvmsc
474650	[1153]	:	Stim:	3	bench
475770	[1120]	:	Stim:	3	bus
476890	[1120]	:	Stim:	3	foot
477976	[1086]	:	Stim:	3	screw
479046	[1070]	:	Stim:	3	swan
480115	[1069]	:	Stim:	3	bell
481134	[1019]	:	Stim:	3	bell
482134	[1000]	:	Key	34	DOWN	at	481588  
482135	[1]	:	Key	34	UP	at	481852  
482271	[136]	:	Stim:	3	shell
483425	[1154]	:	Stim:	3	grapes
484545	[1120]	:	Stim:	3	zebra
485715	[1170]	:	Stim:	3	coat
486868	[1153]	:	Stim:	3	bone
488004	[1136]	:	Stim:	3	window
489022	[1018]	:	Stim:	3	window
490022	[1000]	:	Key	34	DOWN	at	489569  
490023	[1]	:	Key	34	UP	at	489862  
490192	[169]	:	Stim:	3	bowl
491279	[1087]	:	Stim:	3	ant
492282	[1003]	:	Rest at: 492282
509726	[17444]	:	COGENT STOP
