Cog2000 log file Wed Nov 07 12:21:15 2007
GPrim v1.24 Compiled:Feb 24 2003 (GLib DirectDraw v7 Compiled:Feb 24 2003)
Display:1024x768x32 59.81Hz
Attaching C:\Expts\Joe\localizer\Cogent2000v1.25\Toolbox\CogInput.dll
CogInput v1.04 Compiled: Apr  2 2002
2	[2]	:	COGENT START
36172	[36170]	:	Start of experiment: 36171
36180	[8]	:	Stim:	2	cjdh
37200	[1020]	:	Stim:	2	hdrg
38219	[1019]	:	Stim:	2	hdrg
39239	[1020]	:	Stim:	2	tgdjz
40258	[1019]	:	Stim:	2	bzcrn
41279	[1021]	:	Stim:	2	gjss
42298	[1019]	:	Stim:	2	nsxrr
43318	[1020]	:	Stim:	2	jdjrq
44337	[1019]	:	Stim:	2	jdjrq
45340	[1003]	:	Stim:	2	gxkz
46360	[1020]	:	Stim:	2	vhjb
47380	[1020]	:	Stim:	2	dclm
48400	[1020]	:	Stim:	2	bfzqz
49420	[1020]	:	Stim:	2	dbwq
50439	[1019]	:	Stim:	2	cjczd
51459	[1020]	:	Stim:	2	tlqv
52512	[1053]	:	Stim:	4	scram_1
53548	[1036]	:	Stim:	4	scram_2
54585	[1037]	:	Stim:	4	scram_2
55622	[1037]	:	Stim:	4	scram_4
56658	[1036]	:	Stim:	4	scram_5
57694	[1036]	:	Stim:	4	scram_6
58731	[1037]	:	Stim:	4	scram_7
59767	[1036]	:	Stim:	4	scram_8
60803	[1036]	:	Stim:	4	scram_9
61839	[1036]	:	Stim:	4	scram_10
62877	[1038]	:	Stim:	4	scram_10
63913	[1036]	:	Stim:	4	scram_12
64949	[1036]	:	Stim:	4	scram_13
65986	[1037]	:	Stim:	4	scram_14
67022	[1036]	:	Stim:	4	scram_15
68058	[1036]	:	Stim:	4	scram_16
69094	[1036]	:	Stim:	3	goat
70114	[1020]	:	Stim:	3	goat
71149	[1035]	:	Stim:	3	camera
72168	[1019]	:	Stim:	3	wheel
73186	[1018]	:	Stim:	3	camel
74205	[1019]	:	Stim:	3	donkey
75224	[1019]	:	Stim:	3	candle
76259	[1035]	:	Stim:	3	zip
77295	[1036]	:	Stim:	3	stool
78314	[1019]	:	Stim:	3	stool
79334	[1020]	:	Stim:	3	ruler
80369	[1035]	:	Stim:	3	wool
81387	[1018]	:	Stim:	3	tap
82406	[1019]	:	Stim:	3	mouse
83424	[1018]	:	Stim:	3	tiger
84444	[1020]	:	Stim:	3	belt
85463	[1019]	:	Stim:	1	claw
86483	[1020]	:	Stim:	1	hare
87503	[1020]	:	Stim:	1	hare
88522	[1019]	:	Stim:	1	spree
89543	[1021]	:	Stim:	1	scorn
90562	[1019]	:	Stim:	1	kite
91582	[1020]	:	Stim:	1	brute
92601	[1019]	:	Stim:	1	waltz
93621	[1020]	:	Stim:	1	waltz
94640	[1019]	:	Stim:	1	keel
95661	[1021]	:	Stim:	1	peck
96680	[1019]	:	Stim:	1	code
97700	[1020]	:	Stim:	1	ulcer
98719	[1019]	:	Stim:	1	babe
99739	[1020]	:	Stim:	1	haste
100759	[1020]	:	Stim:	1	yoke
101762	[1003]	:	Rest at: 101762
117190	[15428]	:	Stim:	3	parrot
118209	[1019]	:	Stim:	3	dice
119228	[1019]	:	Stim:	3	bib
120263	[1035]	:	Stim:	3	drum
121282	[1019]	:	Stim:	3	drum
122300	[1018]	:	Stim:	3	peach
123319	[1019]	:	Stim:	3	clock
124338	[1019]	:	Stim:	3	car
125375	[1037]	:	Stim:	3	pig
126393	[1018]	:	Stim:	3	basin
127412	[1019]	:	Stim:	3	saw
128430	[1018]	:	Stim:	3	cow
129449	[1019]	:	Stim:	3	cow
130467	[1018]	:	Stim:	3	flower
131487	[1020]	:	Stim:	3	key
132505	[1018]	:	Stim:	3	ball
133525	[1020]	:	Stim:	2	hndzg
134545	[1020]	:	Stim:	2	wkmmz
135565	[1020]	:	Stim:	2	kksl
136585	[1020]	:	Stim:	2	bcrf
137604	[1019]	:	Stim:	2	qwmfm
138624	[1020]	:	Stim:	2	xrvz
139643	[1019]	:	Stim:	2	xrvz
140664	[1021]	:	Stim:	2	zbrhx
141683	[1019]	:	Stim:	2	xhqb
142703	[1020]	:	Stim:	2	xhqb
143722	[1019]	:	Stim:	2	dhhhh
144742	[1020]	:	Stim:	2	sxjxn
145762	[1020]	:	Stim:	2	jkcwt
146782	[1020]	:	Stim:	2	vmxhv
147801	[1019]	:	Stim:	2	tvgvn
148821	[1020]	:	Stim:	2	hcbd
149840	[1019]	:	Stim:	1	feast
150860	[1020]	:	Stim:	1	baron
151880	[1020]	:	Stim:	1	watt
152900	[1020]	:	Stim:	1	gilt
153920	[1020]	:	Stim:	1	graft
154939	[1019]	:	Stim:	1	haul
155959	[1020]	:	Stim:	1	haul
156979	[1020]	:	Stim:	1	harem
157999	[1020]	:	Stim:	1	hump
159018	[1019]	:	Stim:	1	hump
160038	[1020]	:	Stim:	1	olive
161057	[1019]	:	Stim:	1	token
162077	[1020]	:	Stim:	1	burro
163097	[1020]	:	Stim:	1	lunge
164117	[1020]	:	Stim:	1	cargo
165136	[1019]	:	Stim:	1	loop
166172	[1036]	:	Stim:	4	scram_17
167210	[1038]	:	Stim:	4	scram_18
168246	[1036]	:	Stim:	4	scram_19
169282	[1036]	:	Stim:	4	scram_20
170318	[1036]	:	Stim:	4	scram_20
171355	[1037]	:	Stim:	4	scram_22
172391	[1036]	:	Stim:	4	scram_23
173427	[1036]	:	Stim:	4	scram_24
174464	[1037]	:	Stim:	4	scram_25
175501	[1037]	:	Stim:	4	scram_26
176537	[1036]	:	Stim:	4	scram_27
177574	[1037]	:	Stim:	4	scram_28
178610	[1036]	:	Stim:	4	scram_29
179646	[1036]	:	Stim:	4	scram_29
180682	[1036]	:	Stim:	4	scram_31
181719	[1037]	:	Stim:	4	scram_32
182722	[1003]	:	Rest at: 182722
198185	[15463]	:	Stim:	4	scram_33
199221	[1036]	:	Stim:	4	scram_34
200257	[1036]	:	Stim:	4	scram_35
201295	[1038]	:	Stim:	4	scram_36
202331	[1036]	:	Stim:	4	scram_37
203367	[1036]	:	Stim:	4	scram_38
204403	[1036]	:	Stim:	4	scram_38
205440	[1037]	:	Stim:	4	scram_40
206476	[1036]	:	Stim:	4	scram_41
207512	[1036]	:	Stim:	4	scram_42
208549	[1037]	:	Stim:	4	scram_43
209586	[1037]	:	Stim:	4	scram_44
210622	[1036]	:	Stim:	4	scram_44
211659	[1037]	:	Stim:	4	scram_46
212695	[1036]	:	Stim:	4	scram_47
213731	[1036]	:	Stim:	4	scram_48
214751	[1020]	:	Stim:	2	pjbnw
215770	[1019]	:	Stim:	2	gvmh
216791	[1021]	:	Stim:	2	thgj
217810	[1019]	:	Stim:	2	jxlgl
218830	[1020]	:	Stim:	2	jxlgl
219849	[1019]	:	Stim:	2	qtfkb
220869	[1020]	:	Stim:	2	tvpr
221889	[1020]	:	Stim:	2	mhbpc
222909	[1020]	:	Stim:	2	kxdkr
223928	[1019]	:	Stim:	2	cmqjj
224948	[1020]	:	Stim:	2	hdlmk
225967	[1019]	:	Stim:	2	phrxq
226987	[1020]	:	Stim:	2	kpbq
228007	[1020]	:	Stim:	2	nrlr
229027	[1020]	:	Stim:	2	rtlg
230046	[1019]	:	Stim:	2	rtlg
231066	[1020]	:	Stim:	1	gable
232086	[1020]	:	Stim:	1	disc
233106	[1020]	:	Stim:	1	roar
234126	[1020]	:	Stim:	1	giant
235145	[1019]	:	Stim:	1	giant
236165	[1020]	:	Stim:	1	oxide
237184	[1019]	:	Stim:	1	pare
238204	[1020]	:	Stim:	1	plumb
239224	[1020]	:	Stim:	1	clang
240244	[1020]	:	Stim:	1	fleet
241263	[1019]	:	Stim:	1	delta
242283	[1020]	:	Stim:	1	badge
243302	[1019]	:	Stim:	1	loot
244323	[1021]	:	Stim:	1	lily
245342	[1019]	:	Stim:	1	crew
246362	[1020]	:	Stim:	1	crew
247380	[1018]	:	Stim:	3	truck
248399	[1019]	:	Stim:	3	boot
249418	[1019]	:	Stim:	3	sofa
250437	[1019]	:	Stim:	3	sofa
251472	[1035]	:	Stim:	3	torch
252492	[1020]	:	Stim:	3	sword
253510	[1018]	:	Stim:	3	whale
254529	[1019]	:	Stim:	3	pram
255548	[1019]	:	Stim:	3	snake
256584	[1036]	:	Stim:	3	apple
257603	[1019]	:	Stim:	3	apple
258622	[1019]	:	Stim:	3	lion
259640	[1018]	:	Stim:	3	train
260661	[1021]	:	Stim:	3	hammer
261696	[1035]	:	Stim:	3	guitar
262714	[1018]	:	Stim:	3	vase
263717	[1003]	:	Rest at: 263717
279147	[15430]	:	Stim:	2	fmrpj
280167	[1020]	:	Stim:	2	lczj
281186	[1019]	:	Stim:	2	xjbq
282206	[1020]	:	Stim:	2	wdfgs
283226	[1020]	:	Stim:	2	pdps
284246	[1020]	:	Stim:	2	pdps
285265	[1019]	:	Stim:	2	hbtnm
286285	[1020]	:	Stim:	2	kgfzt
287304	[1019]	:	Stim:	2	cxpnp
288324	[1020]	:	Stim:	2	kmssf
289344	[1020]	:	Stim:	2	xzhdv
290364	[1020]	:	Stim:	2	vfkxq
291383	[1019]	:	Stim:	2	vfkxq
292403	[1020]	:	Stim:	2	krrv
293422	[1019]	:	Stim:	2	hdlrw
294443	[1021]	:	Stim:	2	gcgqw
295462	[1019]	:	Stim:	1	dogma
296482	[1020]	:	Stim:	1	sine
297502	[1020]	:	Stim:	1	pane
298521	[1019]	:	Stim:	1	knoll
299541	[1020]	:	Stim:	1	trim
300561	[1020]	:	Stim:	1	trim
301581	[1020]	:	Stim:	1	valor
302600	[1019]	:	Stim:	1	gaudy
303620	[1020]	:	Stim:	1	arise
304639	[1019]	:	Stim:	1	scout
305659	[1020]	:	Stim:	1	manor
306679	[1020]	:	Stim:	1	comet
307699	[1020]	:	Stim:	1	comet
308718	[1019]	:	Stim:	1	hive
309738	[1020]	:	Stim:	1	quack
310757	[1019]	:	Stim:	1	bloom
311777	[1020]	:	Stim:	3	shirt
312812	[1035]	:	Stim:	3	bomb
313847	[1035]	:	Stim:	3	bear
314866	[1019]	:	Stim:	3	pipe
315885	[1019]	:	Stim:	3	fence
316904	[1019]	:	Stim:	3	plant
317940	[1036]	:	Stim:	3	plant
318959	[1019]	:	Stim:	3	cot
319977	[1018]	:	Stim:	3	gate
320997	[1020]	:	Stim:	3	basket
322015	[1018]	:	Stim:	3	basket
323050	[1035]	:	Stim:	3	bottle
324069	[1019]	:	Stim:	3	wasp
325087	[1018]	:	Stim:	3	book
326107	[1020]	:	Stim:	3	rake
327142	[1035]	:	Stim:	3	chips
328178	[1036]	:	Stim:	4	scram_49
329214	[1036]	:	Stim:	4	scram_50
330252	[1038]	:	Stim:	4	scram_51
331288	[1036]	:	Stim:	4	scram_52
332324	[1036]	:	Stim:	4	scram_52
333361	[1037]	:	Stim:	4	scram_54
334397	[1036]	:	Stim:	4	scram_55
335433	[1036]	:	Stim:	4	scram_56
336470	[1037]	:	Stim:	4	scram_57
337506	[1036]	:	Stim:	4	scram_57
338543	[1037]	:	Stim:	4	scram_59
339579	[1036]	:	Stim:	4	scram_60
340616	[1037]	:	Stim:	4	scram_61
341652	[1036]	:	Stim:	4	scram_62
342688	[1036]	:	Stim:	4	scram_63
343725	[1037]	:	Stim:	4	scram_64
344728	[1003]	:	Rest at: 344728
360157	[15429]	:	Stim:	3	balloon
361176	[1019]	:	Stim:	3	fork
362195	[1019]	:	Stim:	3	wall
363230	[1035]	:	Stim:	3	mole
364249	[1019]	:	Stim:	3	rat
365267	[1018]	:	Stim:	3	pear
366287	[1020]	:	Stim:	3	rope
367305	[1018]	:	Stim:	3	rope
368340	[1035]	:	Stim:	3	grater
369359	[1019]	:	Stim:	3	fly
370378	[1019]	:	Stim:	3	leaf
371397	[1019]	:	Stim:	3	piano
372416	[1019]	:	Stim:	3	lamp
373451	[1035]	:	Stim:	3	anchor
374469	[1018]	:	Stim:	3	potato
375489	[1020]	:	Stim:	3	potato
376526	[1037]	:	Stim:	4	scram_65
377562	[1036]	:	Stim:	4	scram_66
378598	[1036]	:	Stim:	4	scram_67
379635	[1037]	:	Stim:	4	scram_68
380671	[1036]	:	Stim:	4	scram_69
381708	[1037]	:	Stim:	4	scram_70
382744	[1036]	:	Stim:	4	scram_71
383781	[1037]	:	Stim:	4	scram_71
384817	[1036]	:	Stim:	4	scram_73
385853	[1036]	:	Stim:	4	scram_74
386890	[1037]	:	Stim:	4	scram_75
387926	[1036]	:	Stim:	4	scram_75
388962	[1036]	:	Stim:	4	scram_77
390000	[1038]	:	Stim:	4	scram_78
391036	[1036]	:	Stim:	4	scram_79
392072	[1036]	:	Stim:	4	scram_80
393091	[1019]	:	Stim:	2	xhvzz
394111	[1020]	:	Stim:	2	vzpm
395131	[1020]	:	Stim:	2	vzpm
396151	[1020]	:	Stim:	2	kvwx
397170	[1019]	:	Stim:	2	spbxz
398173	[1003]	:	Stim:	2	cghm
399193	[1020]	:	Stim:	2	jkxfm
400212	[1019]	:	Stim:	2	qxcb
401216	[1004]	:	Stim:	2	vtwgb
402236	[1020]	:	Stim:	2	clhsb
403255	[1019]	:	Stim:	2	fdfcz
404275	[1020]	:	Stim:	2	pnmj
405295	[1020]	:	Stim:	2	xjvkd
406314	[1019]	:	Stim:	2	rnsd
407335	[1021]	:	Stim:	2	rnsd
408354	[1019]	:	Stim:	2	jhnb
409374	[1020]	:	Stim:	1	gleam
410393	[1019]	:	Stim:	1	gear
411413	[1020]	:	Stim:	1	gear
412432	[1019]	:	Stim:	1	lime
413453	[1021]	:	Stim:	1	alien
414472	[1019]	:	Stim:	1	dock
415492	[1020]	:	Stim:	1	spike
416511	[1019]	:	Stim:	1	lure
417531	[1020]	:	Stim:	1	zebra
418551	[1020]	:	Stim:	1	baton
419571	[1020]	:	Stim:	1	dread
420590	[1019]	:	Stim:	1	rung
421610	[1020]	:	Stim:	1	booth
422629	[1019]	:	Stim:	1	dice
423649	[1020]	:	Stim:	1	dice
424670	[1021]	:	Stim:	1	gush
425672	[1002]	:	Rest at: 425672
441118	[15446]	:	Stim:	1	navy
442138	[1020]	:	Stim:	1	navy
443158	[1020]	:	Stim:	1	eagle
444177	[1019]	:	Stim:	1	numb
445197	[1020]	:	Stim:	1	shrug
446216	[1019]	:	Stim:	1	rust
447237	[1021]	:	Stim:	1	thud
448256	[1019]	:	Stim:	1	cane
449276	[1020]	:	Stim:	1	mule
450295	[1019]	:	Stim:	1	mule
451298	[1003]	:	Stim:	1	maker
452318	[1020]	:	Stim:	1	veil
453338	[1020]	:	Stim:	1	quake
454341	[1003]	:	Stim:	1	maze
455361	[1020]	:	Stim:	1	mall
456380	[1019]	:	Stim:	1	yacht
457399	[1019]	:	Stim:	3	cheese
458418	[1019]	:	Stim:	3	bee
459437	[1019]	:	Stim:	3	lemon
460458	[1021]	:	Stim:	3	badger
461494	[1036]	:	Stim:	3	door
462512	[1018]	:	Stim:	3	fox
463531	[1019]	:	Stim:	3	shoe
464550	[1019]	:	Stim:	3	shoe
465569	[1019]	:	Stim:	3	medal
466604	[1035]	:	Stim:	3	bath
467624	[1020]	:	Stim:	3	coffin
468642	[1018]	:	Stim:	3	cake
469662	[1020]	:	Stim:	3	cake
470680	[1018]	:	Stim:	3	watch
471715	[1035]	:	Stim:	3	mouth
472734	[1019]	:	Stim:	3	carrot
473770	[1036]	:	Stim:	4	scram_2
474807	[1037]	:	Stim:	4	scram_10
475843	[1036]	:	Stim:	4	scram_20
476879	[1036]	:	Stim:	4	scram_29
477917	[1038]	:	Stim:	4	scram_39
478953	[1036]	:	Stim:	4	scram_45
479989	[1036]	:	Stim:	4	scram_45
481026	[1037]	:	Stim:	4	scram_53
482062	[1036]	:	Stim:	4	scram_58
483098	[1036]	:	Stim:	4	scram_72
484134	[1036]	:	Stim:	4	scram_76
485171	[1037]	:	Stim:	4	scram_1
486208	[1037]	:	Stim:	4	scram_3
487244	[1036]	:	Stim:	4	scram_3
488281	[1037]	:	Stim:	4	scram_4
489317	[1036]	:	Stim:	4	scram_5
490337	[1020]	:	Stim:	2	hgbt
491356	[1019]	:	Stim:	2	hgbt
492376	[1020]	:	Stim:	2	krspt
493396	[1020]	:	Stim:	2	tsxp
494416	[1020]	:	Stim:	2	vwbgg
495435	[1019]	:	Stim:	2	wwcg
496455	[1020]	:	Stim:	2	nzxq
497474	[1019]	:	Stim:	2	clxt
498495	[1021]	:	Stim:	2	gwkw
499514	[1019]	:	Stim:	2	gwkw
500534	[1020]	:	Stim:	2	jvtst
501553	[1019]	:	Stim:	2	pcmc
502573	[1020]	:	Stim:	2	mdwpk
503592	[1019]	:	Stim:	2	ksbx
504613	[1021]	:	Stim:	2	lnnc
505632	[1019]	:	Stim:	2	vpcrf
506635	[1003]	:	Rest at: 506635
525116	[18481]	:	COGENT STOP
