Cog2000 log file Fri Jun 27 15:18:51 2008
GPrim v1.24 Compiled:Feb 24 2003 (GLib DirectDraw v7 Compiled:Feb 24 2003)
Display:1024x768x32 59.84Hz
Attaching C:\Expts\Joe\localizer\Cogent2000v1.25\Toolbox\CogInput.dll
CogInput v1.04 Compiled: Apr  2 2002
2	[2]	:	COGENT START
12431	[12429]	:	Start of experiment: 12430
12442	[11]	:	Stim:	2	cjdh
13462	[1020]	:	Stim:	2	hdrg
14481	[1019]	:	Stim:	2	hdrg
15481	[1000]	:	Key	34	DOWN	at	14900   
15482	[1]	:	Key	34	UP	at	15193   
15501	[19]	:	Stim:	2	tgdjz
16520	[1019]	:	Stim:	2	bzcrn
17540	[1020]	:	Stim:	2	gjss
18544	[1004]	:	Stim:	2	nsxrr
19563	[1019]	:	Stim:	2	jdjrq
20582	[1019]	:	Stim:	2	jdjrq
21582	[1000]	:	Key	34	DOWN	at	21088   
21583	[1]	:	Key	34	UP	at	21357   
21602	[19]	:	Stim:	2	gxkz
22622	[1020]	:	Stim:	2	vhjb
23625	[1003]	:	Stim:	2	dclm
24628	[1003]	:	Stim:	2	bfzqz
25632	[1004]	:	Stim:	2	dbwq
26651	[1019]	:	Stim:	2	cjczd
27670	[1019]	:	Stim:	2	tlqv
28723	[1053]	:	Stim:	4	scram_1
29760	[1037]	:	Stim:	4	scram_2
30797	[1037]	:	Stim:	4	scram_2
31797	[1000]	:	Key	34	DOWN	at	31283   
31798	[1]	:	Key	34	UP	at	31529   
31833	[35]	:	Stim:	4	scram_4
32870	[1037]	:	Stim:	4	scram_5
33906	[1036]	:	Stim:	4	scram_6
34942	[1036]	:	Stim:	4	scram_7
35979	[1037]	:	Stim:	4	scram_8
37015	[1036]	:	Stim:	4	scram_9
38051	[1036]	:	Stim:	4	scram_10
39089	[1038]	:	Stim:	4	scram_10
40088	[999]	:	Key	34	DOWN	at	39867   
40125	[37]	:	Stim:	4	scram_12
41161	[1036]	:	Stim:	4	scram_13
42197	[1036]	:	Stim:	4	scram_14
43234	[1037]	:	Stim:	4	scram_15
44270	[1036]	:	Stim:	4	scram_16
45373	[1103]	:	Stim:	3	goat
46407	[1034]	:	Stim:	3	goat
47407	[1000]	:	Key	34	DOWN	at	46951   
47408	[1]	:	Key	34	UP	at	47179   
47495	[87]	:	Stim:	3	camera
48615	[1120]	:	Stim:	3	wheel
49801	[1186]	:	Stim:	3	camel
50955	[1154]	:	Stim:	3	donkey
52108	[1153]	:	Stim:	3	candle
53177	[1069]	:	Stim:	3	zip
54214	[1037]	:	Stim:	3	stool
55233	[1019]	:	Stim:	3	stool
56233	[1000]	:	Key	34	DOWN	at	55763   
56234	[1]	:	Key	34	UP	at	56004   
56337	[103]	:	Stim:	3	ruler
57389	[1052]	:	Stim:	3	wool
58459	[1070]	:	Stim:	3	tap
59562	[1103]	:	Stim:	3	mouse
60615	[1053]	:	Stim:	3	tiger
61768	[1153]	:	Stim:	3	belt
62788	[1020]	:	Stim:	1	claw
63806	[1018]	:	Stim:	1	hare
64810	[1004]	:	Stim:	1	hare
65810	[1000]	:	Key	34	DOWN	at	65408   
65811	[1]	:	Key	34	UP	at	65631   
65830	[19]	:	Stim:	1	spree
66849	[1019]	:	Stim:	1	scorn
67853	[1004]	:	Stim:	1	kite
68856	[1003]	:	Stim:	1	brute
69876	[1020]	:	Stim:	1	waltz
70894	[1018]	:	Stim:	1	waltz
71894	[1000]	:	Key	34	DOWN	at	71425   
71895	[1]	:	Key	34	UP	at	71672   
71915	[20]	:	Stim:	1	keel
72934	[1019]	:	Stim:	1	peck
73937	[1003]	:	Stim:	1	code
74941	[1004]	:	Stim:	1	ulcer
75944	[1003]	:	Stim:	1	babe
76964	[1020]	:	Stim:	1	haste
77982	[1018]	:	Stim:	1	yoke
78986	[1004]	:	Rest at: 78986
93580	[14594]	:	Stim:	3	parrot
94650	[1070]	:	Stim:	3	dice
95820	[1170]	:	Stim:	3	bib
96973	[1153]	:	Stim:	3	drum
98009	[1036]	:	Stim:	3	drum
99009	[1000]	:	Key	34	DOWN	at	98390   
99010	[1]	:	Key	34	UP	at	98754   
99214	[204]	:	Stim:	3	peach
100334	[1120]	:	Stim:	3	clock
101454	[1120]	:	Stim:	3	car
102573	[1119]	:	Stim:	3	pig
103711	[1138]	:	Stim:	3	basin
104881	[1170]	:	Stim:	3	saw
105950	[1069]	:	Stim:	3	cow
106970	[1020]	:	Stim:	3	cow
107969	[999]	:	Key	34	DOWN	at	107367  
107970	[1]	:	Key	34	UP	at	107683  
108073	[103]	:	Stim:	3	flower
109259	[1186]	:	Stim:	3	key
110445	[1186]	:	Stim:	3	ball
111465	[1020]	:	Stim:	2	hndzg
112467	[1002]	:	Stim:	2	wkmmz
113487	[1020]	:	Stim:	2	kksl
114491	[1004]	:	Stim:	2	bcrf
115510	[1019]	:	Stim:	2	qwmfm
116529	[1019]	:	Stim:	2	xrvz
117533	[1004]	:	Stim:	2	xrvz
118552	[1019]	:	Stim:	2	zbrhx
119572	[1020]	:	Stim:	2	xhqb
120576	[1004]	:	Stim:	2	xhqb
121575	[999]	:	Key	34	DOWN	at	121049  
121576	[1]	:	Key	34	UP	at	121306  
121595	[19]	:	Stim:	2	dhhhh
122615	[1020]	:	Stim:	2	sxjxn
123633	[1018]	:	Stim:	2	jkcwt
124637	[1004]	:	Stim:	2	vmxhv
125657	[1020]	:	Stim:	2	tvgvn
126660	[1003]	:	Stim:	2	hcbd
127664	[1004]	:	Stim:	1	feast
128667	[1003]	:	Stim:	1	baron
129686	[1019]	:	Stim:	1	watt
130705	[1019]	:	Stim:	1	gilt
131709	[1004]	:	Stim:	1	graft
132728	[1019]	:	Stim:	1	haul
133748	[1020]	:	Stim:	1	haul
134748	[1000]	:	Key	34	UP	at	134367  
134768	[20]	:	Stim:	1	harem
135788	[1020]	:	Stim:	1	hump
136806	[1018]	:	Stim:	1	hump
137806	[1000]	:	Key	34	DOWN	at	137244  
137807	[1]	:	Key	34	UP	at	137513  
137827	[20]	:	Stim:	1	olive
138827	[1000]	:	Key	34	UP	at	138222  
138846	[19]	:	Stim:	1	token
139850	[1004]	:	Stim:	1	burro
140853	[1003]	:	Stim:	1	lunge
141873	[1020]	:	Stim:	1	cargo
142891	[1018]	:	Stim:	1	loop
143928	[1037]	:	Stim:	4	scram_17
144966	[1038]	:	Stim:	4	scram_18
146002	[1036]	:	Stim:	4	scram_19
147038	[1036]	:	Stim:	4	scram_20
148075	[1037]	:	Stim:	4	scram_20
149111	[1036]	:	Stim:	4	scram_22
150147	[1036]	:	Stim:	4	scram_23
151183	[1036]	:	Stim:	4	scram_24
152220	[1037]	:	Stim:	4	scram_25
153257	[1037]	:	Stim:	4	scram_26
154293	[1036]	:	Stim:	4	scram_27
155330	[1037]	:	Stim:	4	scram_28
156366	[1036]	:	Stim:	4	scram_29
157402	[1036]	:	Stim:	4	scram_29
158402	[1000]	:	Key	34	DOWN	at	157816  
158402	[0]	:	Key	34	UP	at	158144  
158439	[37]	:	Stim:	4	scram_31
159475	[1036]	:	Stim:	4	scram_32
160478	[1003]	:	Rest at: 160478
177463	[16985]	:	Stim:	4	scram_33
178499	[1036]	:	Stim:	4	scram_34
179536	[1037]	:	Stim:	4	scram_35
180572	[1036]	:	Stim:	4	scram_36
181608	[1036]	:	Stim:	4	scram_37
182644	[1036]	:	Stim:	4	scram_38
183681	[1037]	:	Stim:	4	scram_38
184681	[1000]	:	Key	34	DOWN	at	184482  
184682	[1]	:	Key	34	UP	at	184681  
184717	[35]	:	Stim:	4	scram_40
185754	[1037]	:	Stim:	4	scram_41
186791	[1037]	:	Stim:	4	scram_42
187827	[1036]	:	Stim:	4	scram_43
188863	[1036]	:	Stim:	4	scram_44
189900	[1037]	:	Stim:	4	scram_44
190900	[1000]	:	Key	34	DOWN	at	190506  
190901	[1]	:	Key	34	UP	at	190746  
190936	[35]	:	Stim:	4	scram_46
191972	[1036]	:	Stim:	4	scram_47
193009	[1037]	:	Stim:	4	scram_48
194029	[1020]	:	Stim:	2	pjbnw
195048	[1019]	:	Stim:	2	gvmh
196051	[1003]	:	Stim:	2	thgj
197071	[1020]	:	Stim:	2	jxlgl
198091	[1020]	:	Stim:	2	jxlgl
199094	[1003]	:	Stim:	2	qtfkb
200097	[1003]	:	Stim:	2	tvpr
201117	[1020]	:	Stim:	2	mhbpc
202135	[1018]	:	Stim:	2	kxdkr
203139	[1004]	:	Stim:	2	cmqjj
204159	[1020]	:	Stim:	2	hdlmk
205178	[1019]	:	Stim:	2	phrxq
206182	[1004]	:	Stim:	2	kpbq
207185	[1003]	:	Stim:	2	nrlr
208205	[1020]	:	Stim:	2	rtlg
209223	[1018]	:	Stim:	2	rtlg
210223	[1000]	:	Key	34	DOWN	at	209701  
210224	[1]	:	Key	34	UP	at	209965  
210244	[20]	:	Stim:	1	gable
211263	[1019]	:	Stim:	1	disc
212266	[1003]	:	Stim:	1	roar
213270	[1004]	:	Stim:	1	giant
214273	[1003]	:	Stim:	1	giant
215273	[1000]	:	Key	34	DOWN	at	214787  
215274	[1]	:	Key	34	UP	at	215027  
215293	[19]	:	Stim:	1	oxide
216311	[1018]	:	Stim:	1	pare
217315	[1004]	:	Stim:	1	plumb
218335	[1020]	:	Stim:	1	clang
219354	[1019]	:	Stim:	1	fleet
220358	[1004]	:	Stim:	1	delta
221361	[1003]	:	Stim:	1	badge
222381	[1020]	:	Stim:	1	loot
223399	[1018]	:	Stim:	1	lily
224403	[1004]	:	Stim:	1	crew
225423	[1020]	:	Stim:	1	crew
226423	[1000]	:	Key	34	DOWN	at	225949  
226424	[1]	:	Key	34	UP	at	226230  
226492	[68]	:	Stim:	3	truck
227677	[1185]	:	Stim:	3	boot
228847	[1170]	:	Stim:	3	sofa
229867	[1020]	:	Stim:	3	sofa
230867	[1000]	:	Key	34	DOWN	at	230314  
230868	[1]	:	Key	34	UP	at	230595  
230936	[68]	:	Stim:	3	torch
232023	[1087]	:	Stim:	3	sword
233076	[1053]	:	Stim:	3	whale
234229	[1153]	:	Stim:	3	pram
235266	[1037]	:	Stim:	3	snake
236420	[1154]	:	Stim:	3	apple
237455	[1035]	:	Stim:	3	apple
238454	[999]	:	Key	34	DOWN	at	238347  
238591	[137]	:	Stim:	3	lion
239629	[1038]	:	Stim:	3	train
240714	[1085]	:	Stim:	3	hammer
241799	[1085]	:	Stim:	3	guitar
242835	[1036]	:	Stim:	3	vase
243838	[1003]	:	Rest at: 243838
258430	[14592]	:	Stim:	2	fmrpj
259434	[1004]	:	Stim:	2	lczj
260454	[1020]	:	Stim:	2	xjbq
261458	[1004]	:	Stim:	2	wdfgs
262477	[1019]	:	Stim:	2	pdps
263496	[1019]	:	Stim:	2	pdps
264496	[1000]	:	Key	34	UP	at	264105  
264515	[19]	:	Stim:	2	hbtnm
265519	[1004]	:	Stim:	2	kgfzt
266539	[1020]	:	Stim:	2	cxpnp
267543	[1004]	:	Stim:	2	kmssf
268546	[1003]	:	Stim:	2	xzhdv
269565	[1019]	:	Stim:	2	vfkxq
270584	[1019]	:	Stim:	2	vfkxq
271584	[1000]	:	Key	34	DOWN	at	271054  
271585	[1]	:	Key	34	UP	at	271330  
271604	[19]	:	Stim:	2	krrv
272624	[1020]	:	Stim:	2	hdlrw
273627	[1003]	:	Stim:	2	gcgqw
274631	[1004]	:	Stim:	1	dogma
275633	[1002]	:	Stim:	1	sine
276653	[1020]	:	Stim:	1	pane
277672	[1019]	:	Stim:	1	knoll
278675	[1003]	:	Stim:	1	trim
279695	[1020]	:	Stim:	1	trim
280695	[1000]	:	Key	34	DOWN	at	280347  
280696	[1]	:	Key	34	UP	at	280424  
280715	[19]	:	Stim:	1	valor
281718	[1003]	:	Stim:	1	gaudy
282721	[1003]	:	Stim:	1	arise
283741	[1020]	:	Stim:	1	scout
284759	[1018]	:	Stim:	1	manor
285763	[1004]	:	Stim:	1	comet
286783	[1020]	:	Stim:	1	comet
287783	[1000]	:	Key	34	DOWN	at	287156  
287784	[1]	:	Key	34	UP	at	287443  
287802	[18]	:	Stim:	1	hive
288806	[1004]	:	Stim:	1	quack
289809	[1003]	:	Stim:	1	bloom
290912	[1103]	:	Stim:	3	shirt
291999	[1087]	:	Stim:	3	bomb
293203	[1204]	:	Stim:	3	bear
294305	[1102]	:	Stim:	3	pipe
295442	[1137]	:	Stim:	3	fence
296512	[1070]	:	Stim:	3	plant
297548	[1036]	:	Stim:	3	plant
298618	[1070]	:	Stim:	3	cot
299803	[1185]	:	Stim:	3	gate
300991	[1188]	:	Stim:	3	basket
302009	[1018]	:	Stim:	3	basket
303009	[1000]	:	Key	34	DOWN	at	302607  
303010	[1]	:	Key	34	UP	at	302865  
303145	[135]	:	Stim:	3	bottle
304249	[1104]	:	Stim:	3	wasp
305468	[1219]	:	Stim:	3	book
306589	[1121]	:	Stim:	3	rake
307741	[1152]	:	Stim:	3	chips
308777	[1036]	:	Stim:	4	scram_49
309814	[1037]	:	Stim:	4	scram_50
310850	[1036]	:	Stim:	4	scram_51
311886	[1036]	:	Stim:	4	scram_52
312924	[1038]	:	Stim:	4	scram_52
313960	[1036]	:	Stim:	4	scram_54
314996	[1036]	:	Stim:	4	scram_55
316033	[1037]	:	Stim:	4	scram_56
317069	[1036]	:	Stim:	4	scram_57
318105	[1036]	:	Stim:	4	scram_57
319105	[1000]	:	Key	34	DOWN	at	318902  
319142	[37]	:	Stim:	4	scram_59
320178	[1036]	:	Stim:	4	scram_60
321215	[1037]	:	Stim:	4	scram_61
322252	[1037]	:	Stim:	4	scram_62
323288	[1036]	:	Stim:	4	scram_63
324324	[1036]	:	Stim:	4	scram_64
325327	[1003]	:	Rest at: 325327
339618	[14291]	:	Stim:	3	balloon
340805	[1187]	:	Stim:	3	fork
341876	[1071]	:	Stim:	3	wall
342996	[1120]	:	Stim:	3	mole
344048	[1052]	:	Stim:	3	rat
345183	[1135]	:	Stim:	3	pear
346270	[1087]	:	Stim:	3	rope
347305	[1035]	:	Stim:	3	rope
348305	[1000]	:	Key	34	DOWN	at	348082  
348392	[87]	:	Stim:	3	grater
349546	[1154]	:	Stim:	3	fly
350698	[1152]	:	Stim:	3	leaf
351851	[1153]	:	Stim:	3	piano
352955	[1104]	:	Stim:	3	lamp
354108	[1153]	:	Stim:	3	anchor
355177	[1069]	:	Stim:	3	potato
356213	[1036]	:	Stim:	3	potato
357212	[999]	:	Key	34	DOWN	at	356759  
357213	[1]	:	Key	34	UP	at	357052  
357250	[37]	:	Stim:	4	scram_65
358286	[1036]	:	Stim:	4	scram_66
359322	[1036]	:	Stim:	4	scram_67
360358	[1036]	:	Stim:	4	scram_68
361395	[1037]	:	Stim:	4	scram_69
362431	[1036]	:	Stim:	4	scram_70
363467	[1036]	:	Stim:	4	scram_71
364505	[1038]	:	Stim:	4	scram_71
365505	[1000]	:	Key	34	DOWN	at	365490  
365541	[36]	:	Stim:	4	scram_73
366577	[1036]	:	Stim:	4	scram_74
367614	[1037]	:	Stim:	4	scram_75
368650	[1036]	:	Stim:	4	scram_75
369650	[1000]	:	Key	34	DOWN	at	369556  
369686	[36]	:	Stim:	4	scram_77
370723	[1037]	:	Stim:	4	scram_78
371759	[1036]	:	Stim:	4	scram_79
372796	[1037]	:	Stim:	4	scram_80
373815	[1019]	:	Stim:	2	xhvzz
374818	[1003]	:	Stim:	2	vzpm
375822	[1004]	:	Stim:	2	vzpm
376821	[999]	:	Key	34	DOWN	at	376634  
376841	[20]	:	Stim:	2	kvwx
377844	[1003]	:	Stim:	2	spbxz
378863	[1019]	:	Stim:	2	cghm
379867	[1004]	:	Stim:	2	jkxfm
380886	[1019]	:	Stim:	2	qxcb
381906	[1020]	:	Stim:	2	vtwgb
382910	[1004]	:	Stim:	2	clhsb
383929	[1019]	:	Stim:	2	fdfcz
384948	[1019]	:	Stim:	2	pnmj
385952	[1004]	:	Stim:	2	xjvkd
386971	[1019]	:	Stim:	2	rnsd
387974	[1003]	:	Stim:	2	rnsd
388994	[1020]	:	Stim:	2	jhnb
389998	[1004]	:	Stim:	1	gleam
391017	[1019]	:	Stim:	1	gear
392036	[1019]	:	Stim:	1	gear
393036	[1000]	:	Key	34	DOWN	at	392554  
393037	[1]	:	Key	34	UP	at	392818  
393056	[19]	:	Stim:	1	lime
394076	[1020]	:	Stim:	1	alien
395079	[1003]	:	Stim:	1	dock
396082	[1003]	:	Stim:	1	spike
397086	[1004]	:	Stim:	1	lure
398105	[1019]	:	Stim:	1	zebra
399124	[1019]	:	Stim:	1	baton
400128	[1004]	:	Stim:	1	dread
401147	[1019]	:	Stim:	1	rung
402150	[1003]	:	Stim:	1	booth
403170	[1020]	:	Stim:	1	dice
404174	[1004]	:	Stim:	1	dice
405174	[1000]	:	Key	34	DOWN	at	404666  
405174	[0]	:	Key	34	UP	at	404924  
405193	[19]	:	Stim:	1	gush
406196	[1003]	:	Rest at: 406196
420422	[14226]	:	Stim:	1	navy
421441	[1019]	:	Stim:	1	navy
422441	[1000]	:	Key	34	DOWN	at	421886  
422442	[1]	:	Key	34	UP	at	422215  
422462	[20]	:	Stim:	1	eagle
423481	[1019]	:	Stim:	1	numb
424500	[1019]	:	Stim:	1	shrug
425504	[1004]	:	Stim:	1	rust
426523	[1019]	:	Stim:	1	thud
427543	[1020]	:	Stim:	1	cane
428547	[1004]	:	Stim:	1	mule
429566	[1019]	:	Stim:	1	mule
430566	[1000]	:	Key	34	DOWN	at	430095  
430567	[1]	:	Key	34	UP	at	430359  
430586	[19]	:	Stim:	1	maker
431604	[1018]	:	Stim:	1	veil
432608	[1004]	:	Stim:	1	quake
433628	[1020]	:	Stim:	1	maze
434631	[1003]	:	Stim:	1	mall
435634	[1003]	:	Stim:	1	yacht
436719	[1085]	:	Stim:	3	cheese
437856	[1137]	:	Stim:	3	bee
438976	[1120]	:	Stim:	3	lemon
440145	[1169]	:	Stim:	3	badger
441232	[1087]	:	Stim:	3	door
442318	[1086]	:	Stim:	3	fox
443455	[1137]	:	Stim:	3	shoe
444489	[1034]	:	Stim:	3	shoe
445489	[1000]	:	Key	34	DOWN	at	444984  
445490	[1]	:	Key	34	UP	at	445259  
445626	[136]	:	Stim:	3	medal
446779	[1153]	:	Stim:	3	bath
447966	[1187]	:	Stim:	3	coffin
449136	[1170]	:	Stim:	3	cake
450171	[1035]	:	Stim:	3	cake
451171	[1000]	:	Key	34	DOWN	at	450744  
451172	[1]	:	Key	34	UP	at	451043  
451258	[86]	:	Stim:	3	watch
452395	[1137]	:	Stim:	3	mouth
453582	[1187]	:	Stim:	3	carrot
454619	[1037]	:	Stim:	4	scram_2
455655	[1036]	:	Stim:	4	scram_10
456691	[1036]	:	Stim:	4	scram_20
457727	[1036]	:	Stim:	4	scram_29
458764	[1037]	:	Stim:	4	scram_39
459800	[1036]	:	Stim:	4	scram_45
460837	[1037]	:	Stim:	4	scram_45
461837	[1000]	:	Key	34	DOWN	at	461408  
461838	[1]	:	Key	34	UP	at	461695  
461874	[36]	:	Stim:	4	scram_53
462910	[1036]	:	Stim:	4	scram_58
463946	[1036]	:	Stim:	4	scram_72
464983	[1037]	:	Stim:	4	scram_76
466019	[1036]	:	Stim:	4	scram_1
467055	[1036]	:	Stim:	4	scram_3
468092	[1037]	:	Stim:	4	scram_3
469092	[1000]	:	Key	34	DOWN	at	468744  
469093	[1]	:	Key	34	UP	at	469007  
469129	[36]	:	Stim:	4	scram_4
470165	[1036]	:	Stim:	4	scram_5
471184	[1019]	:	Stim:	2	hgbt
472188	[1004]	:	Stim:	2	hgbt
473187	[999]	:	Key	34	DOWN	at	472705  
473188	[1]	:	Key	34	UP	at	472986  
473208	[20]	:	Stim:	2	krspt
474227	[1019]	:	Stim:	2	tsxp
475246	[1019]	:	Stim:	2	vwbgg
476250	[1004]	:	Stim:	2	wwcg
477269	[1019]	:	Stim:	2	nzxq
478272	[1003]	:	Stim:	2	clxt
479276	[1004]	:	Stim:	2	gwkw
480279	[1003]	:	Stim:	2	gwkw
481279	[1000]	:	Key	34	DOWN	at	480978  
481280	[1]	:	Key	34	UP	at	481213  
481299	[19]	:	Stim:	2	jvtst
482317	[1018]	:	Stim:	2	pcmc
483321	[1004]	:	Stim:	2	mdwpk
484341	[1020]	:	Stim:	2	ksbx
485360	[1019]	:	Stim:	2	lnnc
486364	[1004]	:	Stim:	2	vpcrf
487367	[1003]	:	Rest at: 487367
504426	[17059]	:	COGENT STOP
