Cog2000 log file Mon Jun 16 14:37:43 2008
GPrim v1.24 Compiled:Feb 24 2003 (GLib DirectDraw v7 Compiled:Feb 24 2003)
Display:1024x768x32 59.81Hz
Attaching C:\Expts\Joe\localizer\Cogent2000v1.25\Toolbox\CogInput.dll
CogInput v1.04 Compiled: Apr  2 2002
2	[2]	:	COGENT START
103988	[103986]	:	Start of experiment: 103988
104002	[14]	:	Stim:	2	cjdh
105022	[1020]	:	Stim:	2	hdrg
106025	[1003]	:	Stim:	2	hdrg
107028	[1003]	:	Stim:	2	tgdjz
108031	[1003]	:	Stim:	2	bzcrn
109033	[1002]	:	Stim:	2	gjss
110036	[1003]	:	Stim:	2	nsxrr
111039	[1003]	:	Stim:	2	jdjrq
112043	[1004]	:	Stim:	2	jdjrq
113046	[1003]	:	Stim:	2	gxkz
114066	[1020]	:	Stim:	2	vhjb
115069	[1003]	:	Stim:	2	dclm
116072	[1003]	:	Stim:	2	bfzqz
117074	[1002]	:	Stim:	2	dbwq
118077	[1003]	:	Stim:	2	cjczd
119080	[1003]	:	Stim:	2	tlqv
120217	[1137]	:	Stim:	4	scram_1
121254	[1037]	:	Stim:	4	scram_2
122290	[1036]	:	Stim:	4	scram_2
123326	[1036]	:	Stim:	4	scram_4
124363	[1037]	:	Stim:	4	scram_5
125400	[1037]	:	Stim:	4	scram_6
126436	[1036]	:	Stim:	4	scram_7
127472	[1036]	:	Stim:	4	scram_8
128509	[1037]	:	Stim:	4	scram_9
129545	[1036]	:	Stim:	4	scram_10
130580	[1035]	:	Stim:	4	scram_10
131618	[1038]	:	Stim:	4	scram_12
132655	[1037]	:	Stim:	4	scram_13
133691	[1036]	:	Stim:	4	scram_14
134728	[1037]	:	Stim:	4	scram_15
135764	[1036]	:	Stim:	4	scram_16
136783	[1019]	:	Stim:	3	goat
137802	[1019]	:	Stim:	3	goat
138821	[1019]	:	Stim:	3	camera
139840	[1019]	:	Stim:	3	wheel
140859	[1019]	:	Stim:	3	camel
141877	[1018]	:	Stim:	3	donkey
142897	[1020]	:	Stim:	3	candle
143915	[1018]	:	Stim:	3	zip
144935	[1020]	:	Stim:	3	stool
145953	[1018]	:	Stim:	3	stool
146972	[1019]	:	Stim:	3	ruler
147990	[1018]	:	Stim:	3	wool
149009	[1019]	:	Stim:	3	tap
150029	[1020]	:	Stim:	3	mouse
151064	[1035]	:	Stim:	3	tiger
152082	[1018]	:	Stim:	3	belt
153085	[1003]	:	Stim:	1	claw
154088	[1003]	:	Stim:	1	hare
155091	[1003]	:	Stim:	1	hare
156094	[1003]	:	Stim:	1	spree
157097	[1003]	:	Stim:	1	scorn
158101	[1004]	:	Stim:	1	kite
159120	[1019]	:	Stim:	1	brute
160123	[1003]	:	Stim:	1	waltz
161126	[1003]	:	Stim:	1	waltz
162129	[1003]	:	Stim:	1	keel
163132	[1003]	:	Stim:	1	peck
164135	[1003]	:	Stim:	1	code
165138	[1003]	:	Stim:	1	ulcer
166141	[1003]	:	Stim:	1	babe
167144	[1003]	:	Stim:	1	haste
168147	[1003]	:	Stim:	1	yoke
169151	[1004]	:	Rest at: 169150
184997	[15846]	:	Stim:	3	parrot
186017	[1020]	:	Stim:	3	dice
187036	[1019]	:	Stim:	3	bib
188055	[1019]	:	Stim:	3	drum
189073	[1018]	:	Stim:	3	drum
190092	[1019]	:	Stim:	3	peach
191112	[1020]	:	Stim:	3	clock
192130	[1018]	:	Stim:	3	car
193149	[1019]	:	Stim:	3	pig
194167	[1018]	:	Stim:	3	basin
195186	[1019]	:	Stim:	3	saw
196206	[1020]	:	Stim:	3	cow
197226	[1020]	:	Stim:	3	cow
198244	[1018]	:	Stim:	3	flower
199263	[1019]	:	Stim:	3	key
200282	[1019]	:	Stim:	3	ball
201284	[1002]	:	Stim:	2	hndzg
202287	[1003]	:	Stim:	2	wkmmz
203290	[1003]	:	Stim:	2	kksl
204294	[1004]	:	Stim:	2	bcrf
205314	[1020]	:	Stim:	2	qwmfm
206317	[1003]	:	Stim:	2	xrvz
207320	[1003]	:	Stim:	2	xrvz
208323	[1003]	:	Stim:	2	zbrhx
209325	[1002]	:	Stim:	2	xhqb
210328	[1003]	:	Stim:	2	xhqb
211331	[1003]	:	Stim:	2	dhhhh
212334	[1003]	:	Stim:	2	sxjxn
213337	[1003]	:	Stim:	2	jkcwt
214340	[1003]	:	Stim:	2	vmxhv
215344	[1004]	:	Stim:	2	tvgvn
216347	[1003]	:	Stim:	2	hcbd
217366	[1019]	:	Stim:	1	feast
218369	[1003]	:	Stim:	1	baron
219372	[1003]	:	Stim:	1	watt
220375	[1003]	:	Stim:	1	gilt
221378	[1003]	:	Stim:	1	graft
222381	[1003]	:	Stim:	1	haul
223384	[1003]	:	Stim:	1	haul
224387	[1003]	:	Stim:	1	harem
225390	[1003]	:	Stim:	1	hump
226393	[1003]	:	Stim:	1	hump
227397	[1004]	:	Stim:	1	olive
228416	[1019]	:	Stim:	1	token
229419	[1003]	:	Stim:	1	burro
230422	[1003]	:	Stim:	1	lunge
231425	[1003]	:	Stim:	1	cargo
232428	[1003]	:	Stim:	1	loop
233464	[1036]	:	Stim:	4	scram_17
234501	[1037]	:	Stim:	4	scram_18
235537	[1036]	:	Stim:	4	scram_19
236573	[1036]	:	Stim:	4	scram_20
237611	[1038]	:	Stim:	4	scram_20
238647	[1036]	:	Stim:	4	scram_22
239683	[1036]	:	Stim:	4	scram_23
240720	[1037]	:	Stim:	4	scram_24
241756	[1036]	:	Stim:	4	scram_25
242792	[1036]	:	Stim:	4	scram_26
243829	[1037]	:	Stim:	4	scram_27
244865	[1036]	:	Stim:	4	scram_28
245902	[1037]	:	Stim:	4	scram_29
246938	[1036]	:	Stim:	4	scram_29
247975	[1037]	:	Stim:	4	scram_31
249011	[1036]	:	Stim:	4	scram_32
250014	[1003]	:	Rest at: 250014
265995	[15981]	:	Stim:	4	scram_33
267032	[1037]	:	Stim:	4	scram_34
268069	[1037]	:	Stim:	4	scram_35
269105	[1036]	:	Stim:	4	scram_36
270141	[1036]	:	Stim:	4	scram_37
271177	[1036]	:	Stim:	4	scram_38
272214	[1037]	:	Stim:	4	scram_38
273250	[1036]	:	Stim:	4	scram_40
274286	[1036]	:	Stim:	4	scram_41
275323	[1037]	:	Stim:	4	scram_42
276360	[1037]	:	Stim:	4	scram_43
277396	[1036]	:	Stim:	4	scram_44
278433	[1037]	:	Stim:	4	scram_44
279469	[1036]	:	Stim:	4	scram_46
280505	[1036]	:	Stim:	4	scram_47
281542	[1037]	:	Stim:	4	scram_48
282562	[1020]	:	Stim:	2	pjbnw
283565	[1003]	:	Stim:	2	gvmh
284568	[1003]	:	Stim:	2	thgj
285571	[1003]	:	Stim:	2	jxlgl
286573	[1002]	:	Stim:	2	jxlgl
287576	[1003]	:	Stim:	2	qtfkb
288579	[1003]	:	Stim:	2	tvpr
289582	[1003]	:	Stim:	2	mhbpc
290585	[1003]	:	Stim:	2	kxdkr
291588	[1003]	:	Stim:	2	cmqjj
292592	[1004]	:	Stim:	2	hdlmk
293595	[1003]	:	Stim:	2	phrxq
294615	[1020]	:	Stim:	2	kpbq
295617	[1002]	:	Stim:	2	nrlr
296620	[1003]	:	Stim:	2	rtlg
297623	[1003]	:	Stim:	2	rtlg
298626	[1003]	:	Stim:	1	gable
299629	[1003]	:	Stim:	1	disc
300632	[1003]	:	Stim:	1	roar
301635	[1003]	:	Stim:	1	giant
302638	[1003]	:	Stim:	1	giant
303642	[1004]	:	Stim:	1	oxide
304645	[1003]	:	Stim:	1	pare
305664	[1019]	:	Stim:	1	plumb
306667	[1003]	:	Stim:	1	clang
307670	[1003]	:	Stim:	1	fleet
308673	[1003]	:	Stim:	1	delta
309676	[1003]	:	Stim:	1	badge
310679	[1003]	:	Stim:	1	loot
311682	[1003]	:	Stim:	1	lily
312685	[1003]	:	Stim:	1	crew
313688	[1003]	:	Stim:	1	crew
314707	[1019]	:	Stim:	3	truck
315742	[1035]	:	Stim:	3	boot
316762	[1020]	:	Stim:	3	sofa
317781	[1019]	:	Stim:	3	sofa
318799	[1018]	:	Stim:	3	torch
319819	[1020]	:	Stim:	3	sword
320837	[1018]	:	Stim:	3	whale
321856	[1019]	:	Stim:	3	pram
322874	[1018]	:	Stim:	3	snake
323893	[1019]	:	Stim:	3	apple
324912	[1019]	:	Stim:	3	apple
325948	[1036]	:	Stim:	3	lion
326966	[1018]	:	Stim:	3	train
327985	[1019]	:	Stim:	3	hammer
329004	[1019]	:	Stim:	3	guitar
330023	[1019]	:	Stim:	3	vase
331026	[1003]	:	Rest at: 331026
346956	[15930]	:	Stim:	2	fmrpj
347959	[1003]	:	Stim:	2	lczj
348962	[1003]	:	Stim:	2	xjbq
349965	[1003]	:	Stim:	2	wdfgs
350969	[1004]	:	Stim:	2	pdps
351972	[1003]	:	Stim:	2	pdps
352991	[1019]	:	Stim:	2	hbtnm
353994	[1003]	:	Stim:	2	kgfzt
354997	[1003]	:	Stim:	2	cxpnp
356000	[1003]	:	Stim:	2	kmssf
357003	[1003]	:	Stim:	2	xzhdv
358006	[1003]	:	Stim:	2	vfkxq
359009	[1003]	:	Stim:	2	vfkxq
360012	[1003]	:	Stim:	2	krrv
361015	[1003]	:	Stim:	2	hdlrw
362018	[1003]	:	Stim:	2	gcgqw
363022	[1004]	:	Stim:	1	dogma
364041	[1019]	:	Stim:	1	sine
365044	[1003]	:	Stim:	1	pane
366047	[1003]	:	Stim:	1	knoll
367050	[1003]	:	Stim:	1	trim
368053	[1003]	:	Stim:	1	trim
369056	[1003]	:	Stim:	1	valor
370059	[1003]	:	Stim:	1	gaudy
371062	[1003]	:	Stim:	1	arise
372065	[1003]	:	Stim:	1	scout
373068	[1003]	:	Stim:	1	manor
374072	[1004]	:	Stim:	1	comet
375074	[1002]	:	Stim:	1	comet
376094	[1020]	:	Stim:	1	hive
377097	[1003]	:	Stim:	1	quack
378100	[1003]	:	Stim:	1	bloom
379118	[1018]	:	Stim:	3	shirt
380172	[1054]	:	Stim:	3	bomb
381207	[1035]	:	Stim:	3	bear
382226	[1019]	:	Stim:	3	pipe
383244	[1018]	:	Stim:	3	fence
384263	[1019]	:	Stim:	3	plant
385282	[1019]	:	Stim:	3	plant
386301	[1019]	:	Stim:	3	cot
387321	[1020]	:	Stim:	3	gate
388339	[1018]	:	Stim:	3	basket
389358	[1019]	:	Stim:	3	basket
390377	[1019]	:	Stim:	3	bottle
391396	[1019]	:	Stim:	3	wasp
392414	[1018]	:	Stim:	3	book
393433	[1019]	:	Stim:	3	rake
394451	[1018]	:	Stim:	3	chips
395489	[1038]	:	Stim:	4	scram_49
396525	[1036]	:	Stim:	4	scram_50
397561	[1036]	:	Stim:	4	scram_51
398598	[1037]	:	Stim:	4	scram_52
399634	[1036]	:	Stim:	4	scram_52
400670	[1036]	:	Stim:	4	scram_54
401707	[1037]	:	Stim:	4	scram_55
402743	[1036]	:	Stim:	4	scram_56
403780	[1037]	:	Stim:	4	scram_57
404817	[1037]	:	Stim:	4	scram_57
405853	[1036]	:	Stim:	4	scram_59
406889	[1036]	:	Stim:	4	scram_60
407925	[1036]	:	Stim:	4	scram_61
408962	[1037]	:	Stim:	4	scram_62
409998	[1036]	:	Stim:	4	scram_63
411034	[1036]	:	Stim:	4	scram_64
412038	[1004]	:	Rest at: 412037
427969	[15931]	:	Stim:	3	balloon
428989	[1020]	:	Stim:	3	fork
430007	[1018]	:	Stim:	3	wall
431026	[1019]	:	Stim:	3	mole
432046	[1020]	:	Stim:	3	rat
433066	[1020]	:	Stim:	3	pear
434084	[1018]	:	Stim:	3	rope
435103	[1019]	:	Stim:	3	rope
436121	[1018]	:	Stim:	3	grater
437141	[1020]	:	Stim:	3	fly
438176	[1035]	:	Stim:	3	leaf
439195	[1019]	:	Stim:	3	piano
440213	[1018]	:	Stim:	3	lamp
441233	[1020]	:	Stim:	3	anchor
442251	[1018]	:	Stim:	3	potato
443270	[1019]	:	Stim:	3	potato
444306	[1036]	:	Stim:	4	scram_65
445343	[1037]	:	Stim:	4	scram_66
446379	[1036]	:	Stim:	4	scram_67
447415	[1036]	:	Stim:	4	scram_68
448451	[1036]	:	Stim:	4	scram_69
449489	[1038]	:	Stim:	4	scram_70
450525	[1036]	:	Stim:	4	scram_71
451561	[1036]	:	Stim:	4	scram_71
452598	[1037]	:	Stim:	4	scram_73
453634	[1036]	:	Stim:	4	scram_74
454670	[1036]	:	Stim:	4	scram_75
455707	[1037]	:	Stim:	4	scram_75
456743	[1036]	:	Stim:	4	scram_77
457780	[1037]	:	Stim:	4	scram_78
458817	[1037]	:	Stim:	4	scram_79
459853	[1036]	:	Stim:	4	scram_80
460856	[1003]	:	Stim:	2	xhvzz
461859	[1003]	:	Stim:	2	vzpm
462862	[1003]	:	Stim:	2	vzpm
463865	[1003]	:	Stim:	2	kvwx
464867	[1002]	:	Stim:	2	spbxz
465870	[1003]	:	Stim:	2	cghm
466873	[1003]	:	Stim:	2	jkxfm
467877	[1004]	:	Stim:	2	qxcb
468880	[1003]	:	Stim:	2	vtwgb
469900	[1020]	:	Stim:	2	clhsb
470903	[1003]	:	Stim:	2	fdfcz
471906	[1003]	:	Stim:	2	pnmj
472908	[1002]	:	Stim:	2	xjvkd
473911	[1003]	:	Stim:	2	rnsd
474914	[1003]	:	Stim:	2	rnsd
475917	[1003]	:	Stim:	2	jhnb
476920	[1003]	:	Stim:	1	gleam
477923	[1003]	:	Stim:	1	gear
478926	[1003]	:	Stim:	1	gear
479930	[1004]	:	Stim:	1	lime
480949	[1019]	:	Stim:	1	alien
481952	[1003]	:	Stim:	1	dock
482955	[1003]	:	Stim:	1	spike
483958	[1003]	:	Stim:	1	lure
484961	[1003]	:	Stim:	1	zebra
485964	[1003]	:	Stim:	1	baton
486967	[1003]	:	Stim:	1	dread
487970	[1003]	:	Stim:	1	rung
488973	[1003]	:	Stim:	1	booth
489976	[1003]	:	Stim:	1	dice
490980	[1004]	:	Stim:	1	dice
491983	[1003]	:	Stim:	1	gush
492986	[1003]	:	Rest at: 492986
508933	[15947]	:	Stim:	1	navy
509936	[1003]	:	Stim:	1	navy
510939	[1003]	:	Stim:	1	eagle
511942	[1003]	:	Stim:	1	numb
512945	[1003]	:	Stim:	1	shrug
513948	[1003]	:	Stim:	1	rust
514951	[1003]	:	Stim:	1	thud
515971	[1020]	:	Stim:	1	cane
516974	[1003]	:	Stim:	1	mule
517977	[1003]	:	Stim:	1	mule
518980	[1003]	:	Stim:	1	maker
519983	[1003]	:	Stim:	1	veil
520986	[1003]	:	Stim:	1	quake
521989	[1003]	:	Stim:	1	maze
522991	[1002]	:	Stim:	1	mall
523994	[1003]	:	Stim:	1	yacht
525014	[1020]	:	Stim:	3	cheese
526032	[1018]	:	Stim:	3	bee
527052	[1020]	:	Stim:	3	lemon
528071	[1019]	:	Stim:	3	badger
529089	[1018]	:	Stim:	3	door
530110	[1021]	:	Stim:	3	fox
531145	[1035]	:	Stim:	3	shoe
532163	[1018]	:	Stim:	3	shoe
533182	[1019]	:	Stim:	3	medal
534201	[1019]	:	Stim:	3	bath
535220	[1019]	:	Stim:	3	coffin
536239	[1019]	:	Stim:	3	cake
537257	[1018]	:	Stim:	3	cake
538276	[1019]	:	Stim:	3	watch
539295	[1019]	:	Stim:	3	mouth
540314	[1019]	:	Stim:	3	carrot
541350	[1036]	:	Stim:	4	scram_2
542386	[1036]	:	Stim:	4	scram_10
543423	[1037]	:	Stim:	4	scram_20
544459	[1036]	:	Stim:	4	scram_29
545495	[1036]	:	Stim:	4	scram_39
546532	[1037]	:	Stim:	4	scram_45
547569	[1037]	:	Stim:	4	scram_45
548605	[1036]	:	Stim:	4	scram_53
549642	[1037]	:	Stim:	4	scram_58
550678	[1036]	:	Stim:	4	scram_72
551714	[1036]	:	Stim:	4	scram_76
552750	[1036]	:	Stim:	4	scram_1
553787	[1037]	:	Stim:	4	scram_3
554823	[1036]	:	Stim:	4	scram_3
555860	[1037]	:	Stim:	4	scram_4
556897	[1037]	:	Stim:	4	scram_5
557916	[1019]	:	Stim:	2	hgbt
558919	[1003]	:	Stim:	2	hgbt
559922	[1003]	:	Stim:	2	krspt
560925	[1003]	:	Stim:	2	tsxp
561928	[1003]	:	Stim:	2	vwbgg
562931	[1003]	:	Stim:	2	wwcg
563934	[1003]	:	Stim:	2	nzxq
564937	[1003]	:	Stim:	2	clxt
565940	[1003]	:	Stim:	2	gwkw
566944	[1004]	:	Stim:	2	gwkw
567963	[1019]	:	Stim:	2	jvtst
568966	[1003]	:	Stim:	2	pcmc
569969	[1003]	:	Stim:	2	mdwpk
570972	[1003]	:	Stim:	2	ksbx
571975	[1003]	:	Stim:	2	lnnc
572978	[1003]	:	Stim:	2	vpcrf
573981	[1003]	:	Rest at: 573981
592930	[18949]	:	COGENT STOP
